Deleted port: 018b5c1b-30e0-481e-94a3-02228b4f6320
Deleted port: 02e60ca3-98f8-49fe-a723-2108b5f1e06d
Deleted port: 06374392-3ffa-48a9-b524-d1244a480dba
Deleted port: 0672d6ef-5205-4e65-be3a-e76408489680
Deleted port: 04f56871-caff-4539-8443-7bb1f57f75d0
Deleted port: 0c387985-3561-4539-81f3-6105af14afc2
Deleted port: 0b988ec0-893e-44f8-855c-22d743d68d10
Deleted port: 08e54cff-fb0c-4143-a142-b72093710dbf
Deleted port: 1080a282-70d3-4e2b-9836-b469750166d4
Deleted port: 0d0c5f30-5ddd-47c8-9bb3-ad3f71241ec4
Deleted port: 10ead4fa-89cf-407d-bb4d-ccf8b6c33a58
Deleted port: 1851b08a-49c8-45bc-90a8-39b26303e4d2
Deleted port: 0e02ee0f-93c4-443a-ae55-abfe495586c2
Deleted port: 13dcce3e-aa24-443d-8dbe-c8b9d977a34e
Deleted port: 1bf35a6a-8bcd-41c8-9f8b-9f19edab1b65
Deleted port: 0ed4391d-8f92-4d50-abf0-b16bb477ec84
Deleted port: 18c96bb3-5a14-4e14-8f12-3e426e8b1861
Deleted port: 25fb22b2-02cb-48ee-80e0-377423d72872
Deleted port: 0f539127-8c58-4909-a907-8f34ffad2772
Deleted port: 1a4a9d4e-cded-4e88-846e-f2223fab22f5
Deleted port: 271b1f2e-e49e-4bc7-ac46-2852b46ae49d
Deleted port: 19d1a174-2f39-4446-ba2c-1dcd26335879
Deleted port: 1ce9c556-e874-4ded-bd04-bcaf00bb1b73
Deleted port: 27e93fda-dd66-4f79-9065-2004901f26f7
Deleted port: 1aebe582-607c-4834-95a9-d67b6f168112
Deleted port: 24924e42-d79e-4325-8de0-a053be846d62
Deleted port: 2840edad-4432-4fef-adea-a05e3b64f1ff
Deleted port: 1b0542a8-a666-4d5e-8058-1a96e3be89aa
Deleted port: 24ea76bb-1157-4801-94f1-13399162a511
Deleted port: 28d08552-852a-413b-975a-8deee4f1ef16
Deleted port: 1c6c2002-27de-4923-8acd-6c0ef9e93e5d
Deleted port: 27f54729-adfb-4ce0-b235-81f5521fda4b
Deleted port: 2d433f00-4f23-4990-9e86-c9cfa4725986
Deleted port: 1c86671f-6267-408d-bc7a-bcff4f17eb1d
Deleted port: 2be1f890-c8f4-4c6a-9318-b3a5ad03d77c
Deleted port: 2f6e1b06-866d-427d-bbac-79327fc68add
Deleted port: 1cc939b7-abe3-4f64-a708-7d61819dc490
Deleted port: 2d0f757e-1e30-4496-86c7-efb2b92a34c8
Deleted port: 326d3d8f-7207-43fd-a379-db39f6806649
Deleted port: 2329cacb-4e9d-4d05-b424-d46def07987b
Deleted port: 2e22dbb7-0188-4010-8302-4650fa10c665
Deleted port: 32dbcb64-8346-43eb-bbd4-da5a72805e07
Deleted port: 24882e8f-8a65-42bb-8f2b-db59e177e982
Deleted port: 2e3c2b83-6007-4b08-b03b-12cd5be26c83
Deleted port: 3511ee6b-d7ec-40c9-9b6f-49fc2462fd7e
Deleted port: 25df5ddb-e947-4ee1-adaf-e404645db693
Deleted port: 31be2f4d-6304-42c8-882a-e6147630b047
Deleted port: 36db6381-5298-403a-9f45-fcf7db99bdae
Deleted port: 343fa058-912d-4842-8dd0-aa0b4b5f1443
Deleted port: 3815ab18-c913-415d-925f-2efc3c96fa86
Deleted port: 3a340eb4-c4e2-4058-a8c5-297be7cb465c
Deleted port: 358ff00c-92db-4236-adb2-d898fe87330b
Deleted port: 3ac90f96-95af-4669-8e08-ab9f89bcd446
Deleted port: 3afac053-4090-4a36-8f30-70b1a0b0a84d
Deleted port: 387a99de-d016-4aa1-bc96-e0d42c4727f6
Deleted port: 3c9acda2-3e2e-46b3-b3c9-e94ee2f26df4
Deleted port: 3d428e8f-d192-4ad6-8872-474fd0f10f3b
Deleted port: 3c6839f6-8858-413f-9629-92a3b40139de
Deleted port: 3f6d10cd-bfb5-4220-b14f-a5d73603d3b0
Deleted port: 3fa24b40-4335-4cba-8d16-d43ae350c91a
Deleted port: 3d965a0b-9742-4c51-93cd-c98956519b97
Deleted port: 40f3afbb-c2f6-4ba9-a898-c865f3168aeb
Deleted port: 44254725-a8a0-471a-96ec-14711cbf5414
Deleted port: 43f05662-db10-4117-a696-2d8dee7a1ad8
Deleted port: 45cf640a-e9e5-4c19-aa52-3c43c9993c2d
Deleted port: 45cc0689-93e0-4855-98d1-57aa029bb0f4
Deleted port: 44178a3f-d54c-452f-8e6b-c535d60eca65
Deleted port: 4d06c601-b0f6-4a8c-8905-c9eed45f3d0a
Deleted port: 46d0b387-c59c-4b8e-a529-ac62aea3a02a
Deleted port: 443f668f-d600-4af4-a0bc-072b8101ec29
Deleted port: 53410b58-7d4a-4e69-a222-3c4e3f173645
Deleted port: 47d67225-669d-4351-82d6-5c50052e25d3
Deleted port: 44525960-2950-4aad-b631-f9db6bf67ba2
Deleted port: 53502409-e461-4fdc-a847-53b4eed4a354
Deleted port: 4d54ed99-b8e0-4066-85e1-8e48507cb410
Deleted port: 45343d30-659b-436e-9e97-14c19b83e5a6
Deleted port: 562991f1-f48d-401e-bb63-bc7a4fac3c1c
Deleted port: 4f45f3b3-91eb-4beb-a7cd-600ac6d3e955
Deleted port: 49c053b6-fc7d-444f-84d0-114290d37393
Deleted port: 56bb614e-762b-4222-bd89-d91ce780003a
Deleted port: 4f6b510e-2619-422c-9e86-8e40e7d02173
Deleted port: 4c53ab37-8ffd-4295-ae67-615c8cd905ac
Deleted port: 5721f8a6-24fa-40c1-a1db-71a1eb268801
Deleted port: 59564e42-241d-48ef-8a38-35d7c5180b20
Deleted port: 4d41e882-5fc2-4bb7-96e9-2af1fa985daf
Deleted port: 57f72641-8d47-4802-9874-1c4c50f0bfcc
Deleted port: 59c3dffb-9f17-4cc7-8e99-157574e93663
Deleted port: 4e79ccff-a0c2-494e-9962-053884b4bf34
Deleted port: 5bbbf773-3a1b-4b6e-8561-4bd05090aa4e
Deleted port: 6006cf2d-2128-4fc7-86a2-ab6b698ecad7
Deleted port: 52cfc5b0-4a2f-4d38-93d4-e9986d771878
Deleted port: 5ca0f75f-743d-47ad-a60c-cb50f0543a6f
Deleted port: 6087d6d1-996f-454b-92d2-f95f740927ce
Deleted port: 5688f57e-cf85-4a09-8029-4147368129ba
Deleted port: 5dc98cb8-a90a-4636-83ae-d9b9e050ddb7
Deleted port: 63045978-4b7e-4e4e-9732-2daea221a117
Deleted port: 56cf52fe-086e-48cd-9197-ab99d35abdb9
Deleted port: 5e91f0cc-004f-42f1-889e-03ea9890edff
Deleted port: 64e55191-e529-4094-8e6e-74205340e126
Deleted port: 57010365-4cfd-4f57-bba9-bfd09d52187f
Deleted port: 6052ee52-6551-4cee-ac73-f6165c7d43d7
Deleted port: 668c0dab-9f03-45ba-824d-f67bfd977da5
Deleted port: 570f98e8-5dcc-4823-a747-abda80948f4a
Deleted port: 60790f2d-baa1-4057-a48e-c2d688689ce8
Deleted port: 66f16871-59c3-493a-b639-4f54ef3787e3
Deleted port: 590ad632-5466-40d5-8b41-711c8af39558
Deleted port: 60ddd248-837f-4f7e-84c2-7e8be4da7b68
Deleted port: 69332a45-7487-41b3-bbbc-0ca7c7f29746
Deleted port: 5bb579cd-dc46-48fc-ba6c-8543cfeec3f3
Deleted port: 61169568-6dcd-448c-83de-c9226d87b428
Deleted port: 6c102c55-3b27-412d-9f78-4f763935f15c
Deleted port: 5c0c36be-c286-4276-8ae5-305b30bae66e
Deleted port: 645f09ee-6aef-4ab0-b79f-e215c7af19e0
Deleted port: 6f7254e7-ccd7-4a75-8a32-cca815328c6b
Deleted port: 60e214e4-d0c5-44c4-bc56-529f2ff76d72
Deleted port: 69666362-1408-4ce4-8e39-9b3271304956
Deleted port: 6fe812a0-e670-4ebd-a72d-fd4124198d10
Deleted port: 638cb30d-7e7c-4ff0-941c-ef4d56392864
Deleted port: 6a056eae-4e08-4e3f-9755-1cfe48f4e730
Deleted port: 712ea27c-e655-4f69-b7df-af49531fddb1
Deleted port: 65d90d61-763b-4866-8a54-1afb499abbb9
Deleted port: 6a1622ec-550a-46a4-ac29-bf013a03d927
Deleted port: 71cfdedf-cf77-4e13-adb6-4f4bb0334baf
Deleted port: 66530ee0-d3ec-42b5-96ca-c0eb371b2198
Deleted port: 6b13738a-115f-4572-bd5c-acd4cf3b2347
Deleted port: 725dbe8c-fe89-425e-aac8-18839006b7ae
Deleted port: 684a495f-19c2-4c3b-90e7-09ef6b43f906
Deleted port: 6d2ae0d3-6b2e-4885-acbb-56907a8949d6
Deleted port: 725f2256-b8ac-4a24-ad00-a4dbd7c2069e
Deleted port: 72a3ba49-7edc-4c58-9112-c9a5e86aef28
Deleted port: 6ddc7b35-8ce9-4fb4-9e4b-8271120de8d5
Deleted port: 742e2fd8-dfac-40aa-a3c0-ff978ad2e6ab
Deleted port: 78879154-c111-4689-abaf-d1be683a27ad
Deleted port: 70569d67-5609-422a-a569-50751f018df9
Deleted port: 7781cbda-81f5-4a08-bc30-c821eb256579
Deleted port: 79ea45bb-999f-4eed-add2-35dfc1c1eeec
Deleted port: 74e3be3a-30a4-478d-96e9-aa4826af171f
Deleted port: 79c1d577-750d-4ac8-9fa0-03bab86ee276
Deleted port: 7e28e47f-ccf1-4024-bdc3-c5d1d48be736
Deleted port: 7e36119d-f13b-4a2e-8708-2b7bb090e182
Deleted port: 7aa3400e-328d-493f-918b-7955a7ade250
Deleted port: 7e95e158-7e35-456e-b0ea-3fb20db1e54d
Deleted port: 7faed1ba-5277-47e6-98de-204b738e10b0
Deleted port: 7e348ed0-bac2-4ab5-8105-c0ea4ff0644f
Deleted port: 8068d9fa-e8e7-417e-8a4e-8f733d748117
Deleted port: 825a4cb1-74b0-4175-926c-472ea911056b
Deleted port: 7f404c36-d747-4793-a700-0a750460d8e4
Deleted port: 80ac04ab-a257-4f24-ade2-eab72f44ded1
Deleted port: 8315a690-6226-4d10-84a3-03e7cb7b4752
Deleted port: 7f7b1394-ef84-4f11-beb2-71d26127a1da
Deleted port: 82552814-5f03-4047-bb58-fc444ae021bb
Deleted port: 83fafc38-2be3-4c94-ad3d-e08767aced52
Deleted port: 804b037e-689d-4902-bfd0-7c94de635ff5
Deleted port: 82e3fecc-afe1-4aea-b81f-d83636bcdd2c
Deleted port: 840f04a7-a095-4d0f-a054-29ba80954cc3
Deleted port: 80bef4f2-7d92-40f2-aafb-7e2315fea25b
Deleted port: 82ea3f3a-eb39-4461-b908-79f24660e60f
Deleted port: 8478ec3e-1866-4aef-9393-1d8ec0292b77
Deleted port: 80c87508-da8e-485f-9cc3-e3910ba98c1c
Deleted port: 84553cb1-25f3-44bf-a86a-1e3d124f652b
Deleted port: 8defd966-43ad-4ae6-9457-e83ebb0f8791
Deleted port: 83fa2836-4b17-49bb-ba72-afeef9ef9ee5
Deleted port: 8682c32f-0599-40b6-a86f-ba781c2ac51f
Deleted port: 8fabb1e3-3433-464c-a3c3-9502c8e8a7c8
Deleted port: 85876898-e342-4afd-bb55-fc45d338b4bd
Deleted port: 8b7dba3c-c0c7-410f-a4a3-d018ef06b16a
Deleted port: 910c1f89-ba82-4d52-b528-80b49fb06ba7
Deleted port: 86b944cc-7091-4ee7-807d-d97a0a2d0834
Deleted port: 8f319b24-80ac-4a1f-b3f5-8da57420f0c2
Deleted port: 957dfeb1-f7a4-41b7-ac91-c8f77e447da2
Deleted port: 87f3aa99-d282-4475-9716-a80bd772bb15
Deleted port: 92f2c164-514b-4bde-becd-a9a4328efc01
Deleted port: 97317b72-dda6-4942-bd86-7a7053b8089b
Deleted port: 88f5a140-4084-4d85-bdf7-632430b06014
Deleted port: 9530cd1b-6eb4-4e77-b82e-947a672bcad8
Deleted port: 974fff0e-d8f7-4820-9baf-b31c3db380a6
Deleted port: 8b2cc2fb-2a37-4da6-b035-6026ca153aa5
Deleted port: 980e66d0-137b-4595-ab44-a095f20c00c7
Deleted port: 9bed25d5-435e-444d-92c4-1c5e77732020
Deleted port: 9172503a-fe32-40fc-8813-c447f685cc41
Deleted port: 9b37fad2-815a-4a06-919d-73b7fef9ceae
Deleted port: 9ff6f10c-2d57-4b0c-87af-5f57c83279a9
Deleted port: 933e270f-0f38-4b0e-ad07-6930bd6f0879
Deleted port: 9b731930-7b17-463f-a5f0-7ef5fa936962
Deleted port: a018508b-f033-4da6-af9f-9b026833737e
Deleted port: 94a69306-e1b4-41f5-adb4-15e2e29ba0ba
Deleted port: 9d0007a0-cff9-4d9e-a11a-68d98a710bb3
Deleted port: a1efbd5e-95fe-4541-ae78-57e74b13578f
Deleted port: 99bc1f16-74f9-4605-8c41-8795e5dac1fd
Deleted port: a0de6e9a-dbe6-4067-a99a-cc4d00ce1e20
Deleted port: a6c89c7a-96e2-4263-9e18-c73970d1e6c1
Deleted port: 99f5f585-52ec-4e9a-a6f9-929177a725c2
Deleted port: a1936218-c546-4b1a-9674-f79555f2de0c
Deleted port: a8c6e43e-1329-44bd-938d-af5fcc8d0770
Deleted port: 9a21fae1-0ac1-4b65-9fb3-d0fae6b5f12c
Deleted port: a2162e60-d431-47f3-a6c1-58b90ae52faf
Deleted port: b1f25d7e-429f-4f79-8901-a486f5980753
Deleted port: 9aee9967-50f5-481e-89a4-93deff153324
Deleted port: a286c0be-c66a-4e65-88c3-a71f9db3d622
Deleted port: b1f99d2e-af28-408c-8f7a-5d8cfb6dcece
Deleted port: 9bfbb167-bf98-4511-a149-211595378170
Deleted port: a318239c-78cc-4ad1-ab74-9cbd47e0a69e
Deleted port: baa99eb7-1ea0-4b0f-9b7c-f0ab3ad9a107
Deleted port: a412b473-09dd-40aa-a258-4b58cc8c89f8
Deleted port: a3c1a036-cd0c-4fa8-8e0d-503015f42846
Deleted port: be1fab33-d872-4c90-a26e-ad335059791e
Deleted port: ac5561c3-39d3-4286-a8d6-c96b98eef1cf
Deleted port: a8b50b20-42e7-451d-9b4f-981e835cced0
Deleted port: c271407e-a2e1-4881-bc39-ff499f41db1a
Deleted port: b49a33c8-04a7-4d0f-9d21-bd164fcf69fd
Deleted port: ab3d3fc1-c79f-48c5-963e-7ce2ac687101
Deleted port: c2d2e7ef-c688-47c7-983b-df29c965e5ae
Deleted port: b4ae2353-db9f-4dd1-a554-1930e986dd39
Deleted port: abc8a82a-5e11-4abb-abe9-e1f6b24b76ec
Deleted port: c6087b70-dc4d-4de2-8e09-bbd05146c5f0
Deleted port: b732da81-b644-4915-ba8c-75e1299e1fc3
Deleted port: b0721216-ff0e-4cc3-969b-03697fa449f8
Deleted port: c97b444c-751a-4f0e-a95a-236acb9c191d
Deleted port: b89f7282-6ffb-4b71-a395-812273c8d02a
Deleted port: b1b512b9-2efb-46f5-949f-02dfc4f2b449
Deleted port: cc7ba882-2e7e-4861-bab0-23d320ade564
Deleted port: b8b39dca-04ad-4e7e-9bed-e0870cd750e8
Deleted port: b22e3c08-705c-4055-b4db-3b41a2d79197
Deleted port: d3235227-4fd5-4e49-a83b-ba2b86450776
Deleted port: b9f865fe-1ea2-42a5-873c-15dfebaf6400
Deleted port: b5ac0cf4-c1ad-484a-a457-835282563067
Deleted port: d3bc7f5c-462b-4535-9235-eb96938697a3
Deleted port: bf31a907-0409-4217-95ce-7ae08745be15
Deleted port: ba9f6e37-ee76-4541-b323-f4967ad96429
Deleted port: d457f7c3-ea72-462c-9a90-a69b5f3df9f6
Deleted port: c05e4278-5771-4c33-8ae2-14a374e56f6e
Deleted port: bbabd0d9-e14c-46fc-ba16-d4c0b72d3995
Deleted port: d721044b-2ffa-43eb-90dc-361c78dd1cf5
Deleted port: c9e06536-78a5-425b-b0c6-79fef2548ed9
Deleted port: c08112f0-c06a-4218-a1f7-6fadbb2bfa3c
Deleted port: d7a91c7e-6316-4b37-878d-fcbfed06f9e9
Deleted port: c9e42b2b-892f-4e75-838a-a821b4a1d9b8
Deleted port: c6ac0791-72d7-45e5-b77e-86c98c781fb9
Deleted port: d9c9e275-9c74-46d5-b92d-a887c89a9083
Deleted port: cc0cff6b-76db-4690-8829-a667b6855b6b
Deleted port: cbb60b65-a374-4c4d-adda-a43f3ddb548b
Deleted port: d9fd2e47-4c93-4667-a4cd-0d38c553ce9e
Deleted port: cd9dfc5d-beaa-4612-866a-c922ba09e3cb
Deleted port: ccadcb30-93ab-475e-878d-6e8ac1c7eec4
Deleted port: dc7a1d5b-8c4e-4855-8ad2-eb90b3ca2573
Deleted port: cf7606d8-8048-411b-bf3f-2e1e47f11e74
Deleted port: cff73fd4-d037-4d70-92b2-99b1c474d7b8
Deleted port: dd68ef45-4357-4f33-b593-b908cac36e1a
Deleted port: d19454dc-c6dc-4a75-b9e2-22ac5d802581
Deleted port: d30e5a11-03d0-4a64-9023-5eef6de15ded
Deleted port: dda70c0c-4f03-47fb-82ad-ad59212cb2d3
Deleted port: d19c7322-bcf5-425b-86bd-a2e7655a87af
Deleted port: d4c5f021-bedb-4d74-ab38-d1f78b436c6a
Deleted port: de05716b-8462-4be9-9177-ac175ad6a83f
Deleted port: d638440a-c522-4dac-9048-b23aca2d960a
Deleted port: db70e9cd-a385-4ecf-9273-c82b09447d19
Deleted port: e5286153-4d02-4686-947b-b787f048722e
Deleted port: d81deb43-f0e2-425b-bef3-34d1a9541b63
Deleted port: dbcd1075-98f4-424d-b38d-4326f79f44cf
Deleted port: e713f81e-7513-4de4-9d55-8d3553a28289
Deleted port: d852cfc1-8ebb-49dd-a5d4-1c6e8dc7fc49
Deleted port: dc27ad5d-3bc5-4729-a1f7-534d25fb3f6b
Deleted port: eb911a3d-e85d-4f43-b687-2bccd9ce3c12
Deleted port: ddf653a3-ac62-458b-a6b0-4e7be2a45770
Deleted port: e8ee7bf5-30f8-4b43-8be0-f2addebdf6c4
Deleted port: ee7114be-cced-478c-bcd4-0bcf8a274975
Deleted port: e00c03d9-6720-4cf7-8596-a64c715a88c3
Deleted port: ec126f47-4777-4a12-9e28-bfc700127908
Deleted port: ef1dc034-04e6-4e3c-8ae2-9753cdba1dcd
Deleted port: e2065638-c32c-4beb-a3d1-acff8e2be677
Deleted port: edfbd171-77d8-4d36-bde5-8ae485d951c9
Deleted port: f32075ca-31b7-47ea-b044-1cd67a113eef
Deleted port: e22f1757-4286-4d51-9d51-2c77ee5c9178
Deleted port: f08fe0a9-1f4d-4028-9ba8-9921b9fe6652
Deleted port: f38958d3-d33e-4168-bd3a-e89e81c8c4a8
Deleted port: e6925b27-4b23-4987-9973-243c736e0899
Deleted port: f3064c3c-7382-4b14-be56-83ba2397bf5c
Deleted port: f54159a2-fc7b-4f1a-9cec-5999e5682fe9
Deleted port: e6e58e60-87fe-4c7d-8235-f1f252e14f47
Deleted port: f328a8f3-e23f-4f20-bcc8-c4af31d1e119
Deleted port: f69ec3b8-a0b9-4050-b5c4-a160928d9cc8
Deleted port: ed57aec2-b1b1-49d1-9976-ceb5853869bd
Deleted port: f562708b-1295-48e1-a2dd-2d38dbd32ec5
Deleted port: fa36cee2-d65f-4093-8612-7bfe726b310f
Deleted port: f55eccbc-7cac-477d-b091-b650c246691c
Deleted port: f5ae7da0-7a43-4469-8e7d-a6737c8da2ed
Deleted port: fb3fab79-bcec-4052-ae30-a59414d5fc26
Deleted port: f63f335d-d87b-4d5a-a5e0-fcd5bac9188c
Deleted port: f6de2c09-9e13-4730-bdb6-62d7312ec346
Deleted port: fb738837-6438-41df-9e32-533f453eb6da
Deleted port: f76a057f-57be-4cbf-9502-f0147b2e9817
Deleted port: fe43fc39-2aeb-4aa0-a52f-06005cc5ad6a
Deleted port: fe5c39bb-081a-434c-8ba1-516917dc42ae
Deleted port: f8d23ae5-b1a4-4d00-bf83-871c4ea89883
Deleted port: fea70c5c-ce33-48ab-93a9-16bef4780851
Deleted port: feab508b-4e5a-4a2a-bac0-de6a354db5b7
Deleted port: ff30ef12-f70d-401c-bbb5-c68ba71370ef
Deleted port: ffd60eb6-19b7-4747-afc8-07ae16070897
Deleted port: ffed75d6-e83f-46ce-9a7f-9bbaff3f0ebd
Deleted port: ffc9c038-f151-4627-84ca-b2240cdedc65
Deleted network: network0
Deleted network: network0
Deleted network: network0
Deleted network: network1
Deleted network: network1
Deleted network: network1
Deleted network: network2
Deleted network: network2
Deleted network: network2
Deleted network: network3
Deleted network: network3
Deleted network: network3
Deleted network: network4
Deleted network: network4
Deleted network: network4
Deleted router: router0
Deleted router: router0
Deleted router: router0
Deleted router: router1
Deleted router: router1
Deleted router: router1
Deleted router: router2
Deleted router: router2
Deleted router: router2
Deleted router: router3
Deleted router: router3
Deleted router: router3
Deleted router: router4
Deleted router: router4
Deleted router: router4
Deleted router: router5
Deleted router: router5
Deleted router: router5
Deleted router: router6
Deleted router: router6
Deleted router: router6
Deleted router: router7
Deleted router: router7
Deleted router: router7
Deleted router: router8
Deleted router: router8
Deleted router: router8
Deleted router: router9
Deleted router: router9
Deleted security_group: securitygroup0
Deleted router: router9
Deleted security_group: securitygroup0
Deleted security_group: securitygroup1
Deleted security_group: securitygroup0
Deleted security_group: securitygroup1
Deleted security_group: securitygroup1
Deleted security_group: securitygroup2
Deleted security_group: securitygroup2
Deleted security_group: securitygroup3
Deleted security_group: securitygroup2
Deleted security_group: securitygroup3
Deleted security_group: securitygroup4
Deleted security_group: securitygroup3
Deleted security_group: securitygroup4
Deleted security_group: securitygroup4
Deleted security_group: securitygroup5
Deleted security_group: securitygroup5
Deleted security_group: securitygroup5
Deleted security_group: securitygroup6
Deleted security_group: securitygroup6
Deleted security_group: securitygroup6
Deleted security_group: securitygroup7
Deleted security_group: securitygroup7
Deleted security_group: securitygroup7
Deleted security_group: securitygroup8
Deleted security_group: securitygroup8
Deleted security_group: securitygroup9
Deleted security_group: securitygroup8
Deleted security_group: securitygroup9
Deleted security_group: securitygroup9
Deleted security_group: securitygroup10
Deleted security_group: securitygroup10
Deleted security_group: securitygroup10
Deleted security_group: securitygroup11
Deleted security_group: securitygroup11
Deleted security_group: securitygroup11
Deleted security_group: securitygroup12
Deleted security_group: securitygroup12
Deleted security_group: securitygroup13
Deleted security_group: securitygroup12
Deleted security_group: securitygroup13
Deleted security_group: securitygroup13
Deleted security_group: securitygroup14
Deleted security_group: securitygroup14
Deleted security_group: securitygroup14
Deleted security_group: securitygroup15
Deleted security_group: securitygroup15
Deleted security_group: securitygroup15
Deleted security_group: securitygroup16
Deleted security_group: securitygroup16
Deleted security_group: securitygroup17
Deleted security_group: securitygroup16
Deleted security_group: securitygroup17
Deleted security_group: securitygroup18
Deleted security_group: securitygroup17
Deleted security_group: securitygroup18
Deleted security_group: securitygroup18
Deleted security_group: securitygroup19
Deleted security_group: securitygroup19
Deleted security_group: securitygroup19
Deleted security_group: securitygroup20
Deleted security_group: securitygroup20
Deleted security_group: securitygroup21
Deleted security_group: securitygroup21
Deleted security_group: securitygroup20
Deleted security_group: securitygroup22
Deleted security_group: securitygroup22
Deleted security_group: securitygroup21
Deleted security_group: securitygroup23
Deleted security_group: securitygroup22
Deleted security_group: securitygroup23
Deleted security_group: securitygroup24
Deleted security_group: securitygroup23
Deleted security_group: securitygroup24
Deleted security_group: securitygroup24
Deleted security_group: securitygroup25
Deleted security_group: securitygroup25
Deleted security_group: securitygroup26
Deleted security_group: securitygroup25
Deleted security_group: securitygroup26
Deleted security_group: securitygroup27
Deleted security_group: securitygroup26
Deleted security_group: securitygroup27
Deleted security_group: securitygroup28
Deleted security_group: securitygroup28
Deleted security_group: securitygroup27
Deleted security_group: securitygroup29
Deleted security_group: securitygroup29
Deleted security_group: securitygroup28
Deleted security_group: securitygroup30
Deleted security_group: securitygroup30
Deleted security_group: securitygroup29
Deleted security_group: securitygroup31
Deleted security_group: securitygroup31
Deleted security_group: securitygroup30
x
pass of port deletion
pass of port deletion
pass of port deletion
pass of network deletion
pass of network deletion
pass of network deletion
pass of network deletion
pass of network deletion
pass of network deletion
pass of network deletion
pass of network deletion
pass of network deletion
pass of network deletion
pass of network deletion
pass of network deletion
pass of network deletion
pass of network deletion
pass of network deletion
pass of router deletion
pass of router deletion
pass of router deletion
pass of router deletion
pass of router deletion
pass of router deletion
pass of router deletion
pass of router deletion
pass of router deletion
pass of router deletion
pass of router deletion
pass of router deletion
pass of router deletion
pass of router deletion
pass of router deletion
pass of router deletion
pass of router deletion
pass of router deletion
pass of router deletion
pass of router deletion
pass of router deletion
pass of router deletion
pass of router deletion
pass of router deletion
pass of router deletion
pass of router deletion
pass of router deletion
pass of router deletion
pass of router deletion
pass of securitygroup deletion
pass of router deletion
pass of securitygroup deletion
pass of securitygroup deletion
pass of securitygroup deletion
pass of securitygroup deletion
pass of securitygroup deletion
pass of securitygroup deletion
pass of securitygroup deletion
pass of securitygroup deletion
pass of securitygroup deletion
pass of securitygroup deletion
pass of securitygroup deletion
pass of securitygroup deletion
pass of securitygroup deletion
pass of securitygroup deletion
pass of securitygroup deletion
pass of securitygroup deletion
pass of securitygroup deletion
pass of securitygroup deletion
pass of securitygroup deletion
pass of securitygroup deletion
pass of securitygroup deletion
pass of securitygroup deletion
pass of securitygroup deletion
pass of securitygroup deletion
pass of securitygroup deletion
pass of securitygroup deletion
pass of securitygroup deletion
pass of securitygroup deletion
pass of securitygroup deletion
pass of securitygroup deletion
pass of securitygroup deletion
pass of securitygroup deletion
pass of securitygroup deletion
pass of securitygroup deletion
pass of securitygroup deletion
pass of securitygroup deletion
pass of securitygroup deletion
pass of securitygroup deletion
pass of securitygroup deletion
pass of securitygroup deletion
pass of securitygroup deletion
pass of securitygroup deletion
pass of securitygroup deletion
pass of securitygroup deletion
pass of securitygroup deletion
pass of securitygroup deletion
pass of securitygroup deletion
pass of securitygroup deletion
pass of securitygroup deletion
pass of securitygroup deletion
pass of securitygroup deletion
pass of securitygroup deletion
pass of securitygroup deletion
pass of securitygroup deletion
pass of securitygroup deletion
pass of securitygroup deletion
pass of securitygroup deletion
pass of securitygroup deletion
pass of securitygroup deletion
pass of securitygroup deletion
pass of securitygroup deletion
pass of securitygroup deletion
pass of securitygroup deletion
pass of securitygroup deletion
pass of securitygroup deletion
pass of securitygroup deletion
pass of securitygroup deletion
pass of securitygroup deletion
pass of securitygroup deletion
pass of securitygroup deletion
pass of securitygroup deletion
pass of securitygroup deletion
pass of securitygroup deletion
pass of securitygroup deletion
pass of securitygroup deletion
pass of securitygroup deletion
pass of securitygroup deletion
pass of securitygroup deletion
pass of securitygroup deletion
pass of securitygroup deletion
pass of securitygroup deletion
pass of securitygroup deletion
pass of securitygroup deletion
pass of securitygroup deletion
pass of securitygroup deletion
pass of securitygroup deletion
pass of securitygroup deletion
pass of securitygroup deletion
pass of securitygroup deletion
pass of securitygroup deletion
pass of securitygroup deletion
pass of securitygroup deletion
pass of securitygroup deletion
pass of securitygroDeleted security_group: securitygroup32
Deleted security_group: securitygroup32
Deleted security_group: securitygroup31
Deleted security_group: securitygroup33
Deleted security_group: securitygroup33
Deleted security_group: securitygroup32
Deleted security_group: securitygroup34
Deleted security_group: securitygroup34
Deleted security_group: securitygroup33
Deleted security_group: securitygroup35
Deleted security_group: securitygroup35
Deleted security_group: securitygroup34
Deleted security_group: securitygroup36
Deleted security_group: securitygroup36
Deleted security_group: securitygroup35
Deleted security_group: securitygroup37
Deleted security_group: securitygroup37
Deleted security_group: securitygroup36
Deleted security_group: securitygroup38
Deleted security_group: securitygroup38
Deleted security_group: securitygroup37
Deleted security_group: securitygroup39
Deleted security_group: securitygroup39
Deleted security_group: securitygroup38
Deleted security_group: securitygroup40
Deleted security_group: securitygroup40
Deleted security_group: securitygroup39
Deleted security_group: securitygroup41
Deleted security_group: securitygroup41
Deleted security_group: securitygroup40
Deleted security_group: securitygroup42
Deleted security_group: securitygroup42
Deleted security_group: securitygroup41
Deleted security_group: securitygroup43
Deleted security_group: securitygroup43
Deleted security_group: securitygroup42
Deleted security_group: securitygroup44
Deleted security_group: securitygroup44
Deleted security_group: securitygroup43
Deleted security_group: securitygroup45
Deleted security_group: securitygroup44
Deleted security_group: securitygroup45
Deleted security_group: securitygroup46
Deleted security_group: securitygroup45
Deleted security_group: securitygroup46
Deleted security_group: securitygroup47
Deleted security_group: securitygroup46
Deleted security_group: securitygroup47
Deleted security_group: securitygroup48
Deleted security_group: securitygroup48
Deleted security_group: securitygroup47
Deleted security_group: securitygroup49
Deleted security_group: securitygroup48
Deleted security_group: securitygroup49
Deleted security_group: securitygroup49
Deleted floatingip: 2913fb83-8d88-4572-958c-9beb578286fe
Deleted floatingip: 01384a73-1f59-4536-a5d9-80fc46420acb
Deleted floatingip: 5602610b-1587-400c-b834-04c01c83c7c9
Deleted floatingip: 23b1309d-ddde-4199-986e-7c7cd20c1c24
Deleted floatingip: 50657da2-b309-49df-9a4d-e702d02c5c7b
Deleted floatingip: 78c581ad-1cae-4626-98d1-c516fc989002
Deleted floatingip: 8ecafd66-e31b-448e-b16a-174d8f4b223b
Deleted floatingip: 58f9b8c6-4168-47cd-a5bc-5f563aecdee1
Deleted floatingip: 8e8b7e18-5003-4943-89f0-34d1da6d417c
Deleted floatingip: af638f67-2e30-4838-adec-77bffe6692b9
Deleted floatingip: 6930d44d-48c6-4a35-b775-7dcb7245f9eb
Deleted floatingip: b1168454-286f-41e2-a0e1-aff926074e48
Deleted floatingip: e4b92ff6-d60e-4d05-a0b9-06aaa5fbd233
Deleted floatingip: 77e560c7-f0a5-41a3-9f6d-49a86682ff00
Deleted floatingip: dfb4c2c0-a2b4-4e94-a2db-6e200d74884c
up deletion
pass of securitygroup deletion
pass of securitygroup deletion
pass of securitygroup deletion
pass of securitygroup deletion
pass of securitygroup deletion
pass of securitygroup deletion
pass of securitygroup deletion
pass of securitygroup deletion
pass of securitygroup deletion
pass of securitygroup deletion
pass of securitygroup deletion
pass of securitygroup deletion
pass of securitygroup deletion
pass of securitygroup deletion
pass of securitygroup deletion
pass of securitygroup deletion
pass of securitygroup deletion
pass of securitygroup deletion
pass of securitygroup deletion
pass of securitygroup deletion
pass of securitygroup deletion
pass of securitygroup deletion
pass of securitygroup deletion
pass of securitygroup deletion
pass of securitygroup deletion
pass of securitygroup deletion
pass of securitygroup deletion
pass of securitygroup deletion
pass of securitygroup deletion
pass of securitygroup deletion
pass of securitygroup deletion
pass of securitygroup deletion
pass of securitygroup deletion
pass of securitygroup deletion
pass of securitygroup deletion
pass of securitygroup deletion
pass of securitygroup deletion
pass of securitygroup deletion
pass of securitygroup deletion
pass of securitygroup deletion
pass of securitygroup deletion
pass of securitygroup deletion
pass of securitygroup deletion
pass of securitygroup deletion
pass of securitygroup deletion
pass of securitygroup deletion
pass of securitygroup deletion
pass of securitygroup deletion
pass of securitygroup deletion
pass of securitygroup deletion
pass of securitygroup deletion
pass of securitygroup deletion
pass of securitygroup deletion
pass of securitygroup deletion
pass of securitygroup deletion
pass of floatingip deletion
pass of floatingip deletion
pass of floatingip deletion
pass of tenant delete
pass of tenant delete
pass of user delete
pass of user delete
pass of tenant delete
pass of user delete
