Deleted port: 01024d60-f2c4-4fb4-9e71-434d0d8f30dc
Deleted port: 005c7227-e502-46a3-9cdb-df4332173201
Deleted port: 06a039e9-dad5-4927-a2bc-62d3f6f1c1f0
Deleted port: 015b27d1-49d6-4d09-8c1c-4b329ab6dad2
Deleted port: 008c31c7-a08c-4e9b-b534-c696b3465d77
Deleted port: 0a972339-61d7-4cfe-83d8-c501986d8d6f
Deleted port: 01fd1b5c-3bef-460a-841e-7c58f1a31a4f
Deleted port: 040a375d-d336-4b5e-b23f-2b25eabb7429
Deleted port: 0c40f9ad-ce70-4b2b-9bb6-ceb2648b819c
Deleted port: 03bd3110-8168-4e64-a40f-0601f4a4e9f9
Deleted port: 06861f27-b525-4205-8714-44a463d739d7
Deleted port: 0d625dfd-08b4-4f63-b059-8589308fed21
Deleted port: 0bfaf350-0067-47f9-a492-75c588ee1a32
Deleted port: 08bf7c3a-6f11-4ce1-8313-8bcebfe1cd28
Deleted port: 0df30d26-b668-43a9-afb0-9e33031b5a34
Deleted port: 0eb43813-76b5-4851-8bec-48e17e7fa1a0
Deleted port: 08df5dab-c5e3-44b3-aeff-f712708d6ca6
Deleted port: 0e2b4e84-4c10-4d06-af3b-9f9fb1d6ac86
Deleted port: 10b76f11-7ac6-4a96-b147-2f6d85f83a30
Deleted port: 109d0e30-2990-4c5d-9b6a-4feab513cf40
Deleted port: 0f852318-fc4c-4708-9c35-21466d433c4c
Deleted port: 147653d1-63ff-4145-85d8-e7073c83ce3e
Deleted port: 10bea663-8361-48db-8812-c4ccf88d8d0f
Deleted port: 15e05d92-53eb-481f-883c-e7711ba3f977
Deleted port: 168786ea-c9b6-44f8-9d00-5e6e7b84d86d
Deleted port: 11777492-097b-4959-8727-9e7025df891f
Deleted port: 1653dce1-64bc-4db9-a820-ace5a06f54bf
Deleted port: 16ff0570-c0d2-4d3c-a05f-15750eda1579
Deleted port: 1180749a-1874-4b0d-8d82-52241dd3f22e
Deleted port: 16b6311a-fb18-44ef-bdc1-c00acfefb8b4
Deleted port: 17eeed35-58cd-45d3-9911-ce27b0d4f7e4
Deleted port: 139137d2-128d-4c09-87c2-e4a7f5a0f1a3
Deleted port: 19a9b79d-4791-4729-8c39-a35acc724da4
Deleted port: 186c3cd3-8474-43a4-9b2b-0710217c9e3a
Deleted port: 1447fba9-51ef-44d5-b9e6-f24847e4a0c4
Deleted port: 1c83bba8-bf9a-4eab-beb4-d2227d041fdc
Deleted port: 1a369abc-ae97-453f-ba6c-7bd5fae37aee
Deleted port: 152a5144-76f3-4e3c-8f2c-984e6618ace0
Deleted port: 1f02bb7c-ca48-4a32-8e0e-0ea7a960a24a
Deleted port: 1bb7c559-8947-438a-8bdb-7d95cbeeef5a
Deleted port: 19b8df1b-2841-434e-b7b0-02e90acc6a7d
Deleted port: 225307d9-06c3-43cd-ba7d-2613a8435fd3
Deleted port: 1f95eea5-b476-4992-9c51-2094e0832e32
Deleted port: 1a00a9c7-412b-43b6-8712-9df5705c444a
Deleted port: 2432ec28-ac5b-49fa-bdca-42e767240333
Deleted port: 1fe04602-8e33-42de-93ca-e5d38b806d5c
Deleted port: 1d960ca8-7ef6-4f31-aa1f-1c3e511cf317
Deleted port: 2b0e2987-678a-4679-b9b4-435d1b5d2d52
Deleted port: 2abedf1c-0e1a-4285-9acb-cd9996d157e6
Deleted port: 215ccc8e-86c5-4fb8-bdc5-16f08f591bbb
Deleted port: 2b3935f2-f50b-42a7-8514-17e6c42c2f50
Deleted port: 2acb662e-2f11-4807-9fb4-6ab3b1ff4325
Deleted port: 26bb4155-b302-437c-b646-3e7df7025f2a
Deleted port: 2bd41cb2-6d2f-4fa7-b2f9-12e08b2af458
Deleted port: 2d66cd59-e736-4b5d-a596-c49e3862ed6b
Deleted port: 27af4597-832b-4807-9fbf-dfd660d51f19
Deleted port: 32349de4-1ee6-4068-b859-9d3388622826
Deleted port: 309fd379-cbc2-434d-bb3b-ef2ed28983ea
Deleted port: 2a9bba3d-e71d-4cf1-ad4b-46e7af74639c
Deleted port: 34e658bb-37ff-4e78-9e52-00141669c8b2
Deleted port: 360e9695-e2bf-4bdb-80d9-16d8860bd618
Deleted port: 2e284997-5570-4e22-93a9-a12abeb0e0d6
Deleted port: 38af90da-5c99-4552-b980-a121a36412da
Deleted port: 38efbb73-55bc-4e1d-8300-b68f315f3e1e
Deleted port: 2ec901a7-9980-4c3d-88bf-81435b457607
Deleted port: 39c2c282-0fdd-44b5-a3fc-7f8908d6e305
Deleted port: 3d8c9e11-4e46-4df4-88f4-7ad2389e53dd
Deleted port: 2fe59521-e2ab-4d26-b506-164e964b7563
Deleted port: 3d1ec92f-df5d-42ed-9f12-d13461b93212
Deleted port: 3ddada27-8e6b-4538-838c-993e7a2d94a9
Deleted port: 2fe5f744-f8cc-4a9c-afba-263e02cf12c3
Deleted port: 3d2a384a-3b87-406a-b6d5-d3583bbc4adb
Deleted port: 3e5299ff-5307-4660-bc75-b742a50433f5
Deleted port: 37742c8c-5a55-494c-bd20-a6fac56a9842
Deleted port: 42b3e2da-3e6a-40e9-9d31-a27972e6ec8e
Deleted port: 43e0cdc7-15e4-4f48-a75e-ae6fbbe695f1
Deleted port: 37935d21-3cd1-444f-a1c9-ad75c62b897f
Deleted port: 459ea882-4ab3-4b36-a6bb-5e63e99586fc
Deleted port: 448861c2-4f0e-4174-8e47-f520501540cf
Deleted port: 38b82eed-4648-47af-889d-4e95972e177b
Deleted port: 48071a61-e94f-4299-9672-1aea6b0e9c3f
Deleted port: 46173e6b-8e93-4264-abd9-6739e4305e7f
Deleted port: 3ad23612-f346-4957-b706-e46e02f34936
Deleted port: 4990699b-a101-4eac-9260-ddc59656d1c3
Deleted port: 46fb6d37-b6f8-42dd-a530-94f1fb287cb2
Deleted port: 3c72b694-1668-4682-b0c0-87fb39e2078a
Deleted port: 4ac380a0-13e5-4db9-86d7-5609bc283c63
Deleted port: 481e30f6-e8b0-40dc-9706-52681222272d
Deleted port: 3d7fdbbd-84d0-4f8f-9fff-1a0d1f1233e1
Deleted port: 4e1a02a2-dbb0-453d-b198-21479bfb7f31
Deleted port: 4955b914-4500-4618-8724-6ad2a8a8562e
Deleted port: 41ffb3a4-9df9-42f3-9df3-a2162a374036
Deleted port: 50f3c79c-4714-49f1-88b5-899946b67074
Deleted port: 5533b348-1ec3-4d78-8136-a3f875726182
Deleted port: 425e3e94-e872-4b26-8ce9-3167ecf7599a
Deleted port: 53b18374-7d1f-4dfe-8399-558f624d5968
Deleted port: 562fdadd-9c5a-4e93-b70b-870d06213f94
Deleted port: 45c27503-9301-4e2a-8f6a-8a1169365714
Deleted port: 54039209-c2c5-4de6-aca5-fe1a88dd94e3
Deleted port: 56b3406f-7569-4f0f-890e-a7b6c1dc72c4
Deleted port: 462a86f6-a6bf-48bb-bb60-4a41876c48ca
Deleted port: 55417122-f9ca-4cc5-9873-d3d044eb0e4a
Deleted port: 5a97a5eb-13a5-4164-90c1-2c55cddcd14b
Deleted port: 51175b4a-a9d5-416c-a84c-861ae2d57183
Deleted port: 569f279e-f793-4381-a0f3-ff1313ad79ce
Deleted port: 5ae55aa3-5420-41e8-9702-574599654c78
Deleted port: 5866d9b6-ff9d-4f33-9dc9-0439750fc411
Deleted port: 58516372-ee0f-4df2-b200-cbe0920459ff
Deleted port: 5bde5d55-41b5-4407-9f73-ce66ac3df0f4
Deleted port: 59ba4afa-38d3-47ba-841d-4d97f2907f7f
Deleted port: 59524507-69a0-40e1-8a49-79e02ef21605
Deleted port: 5d32ebfa-a050-4c12-b0e1-6ee3c74f49e4
Deleted port: 5ce8ac49-00d1-4dd7-a8d8-d75a495d7efe
Deleted port: 5a6e9562-4c1e-4c25-9257-c951c39f4d7d
Deleted port: 6137a83a-be0e-4b5a-ab7a-6d35c904f21d
Deleted port: 5cf72a48-8de9-4fba-8b89-1f548d440ae0
Deleted port: 5abe134e-c052-490d-88d3-a66f6453efa4
Deleted port: 63746e50-59ea-40a7-8184-9d51169fbb45
Deleted port: 5d43d260-f95b-4cbe-a338-8b1c00927c37
Deleted port: 5b2da4b3-27d7-44fa-a4a0-00e61f4eb428
Deleted port: 64c2b78c-12c3-4220-a342-5dd3a3e2535e
Deleted port: 5e6e17c9-4cfd-4416-9ec8-692374185fb1
Deleted port: 60e8c2ab-41b6-4cbb-b11f-a51f8c8bcd3b
Deleted port: 658c5b8b-fb3f-41cf-be12-7358c3f16ec2
Deleted port: 603222bb-3f36-4c54-a081-58cb6c5fd884
Deleted port: 61ac9eb6-5877-4f84-8a3a-a44c7006c4b4
Deleted port: 6e259365-0853-4179-8655-c984d97fac16
Deleted port: 6080439a-b7d9-472d-8b8a-50946ff203bd
Deleted port: 63bf0ea3-5633-4a83-bee9-6af6e858d23f
Deleted port: 6f0196a3-50fb-49a4-8311-4c429a37c8ce
Deleted port: 61e6b3f2-6206-40bb-9ebd-a2de715763dd
Deleted port: 67d2eabe-26c1-4b49-b316-c52140c8f89c
Deleted port: 6f856f62-d8a8-40b2-ae3d-ec364a0d6676
Deleted port: 63b8decb-7382-4ec0-b841-e60a6ca8469a
Deleted port: 6be04e2c-084c-402f-9f76-ba5390a31482
Deleted port: 702e1395-a142-409c-bbfa-ebdcccbbcec8
Deleted port: 656982b5-dd2a-4049-a151-a7fff986a017
Deleted port: 6d37602b-48ee-43fa-aa58-bc3aa635fc61
Deleted port: 71f2b88c-a672-44cb-9f4e-bfdde3f226d0
Deleted port: 6574add0-6130-489b-9100-d39febb17634
Deleted port: 71e928b3-2f66-496a-bb92-eade58e038b9
Deleted port: 71fee5a8-79cf-4172-b5b4-decd28316b46
Deleted port: 69f96680-fcd3-4e6b-8d0c-9b2e0d95dbc6
Deleted port: 791ea033-be98-4a4f-939f-be0a0e615ac9
Deleted port: 74f37654-10d8-4448-8eee-5b5700bca3c0
Deleted port: 6d8b2175-d7d5-482f-b1a3-bfe613838ffa
Deleted port: 7a23abc4-4681-4bba-8365-3d2c9a6c4ae3
Deleted port: 764011ab-f3a8-4955-bf67-950a18720577
Deleted port: 73736e1b-e4bf-4dc4-9594-8abf321d8bc1
Deleted port: 7b8886e6-bbe5-4a07-9d4b-a1badf56271e
Deleted port: 7814103a-72cd-425c-b5dd-cba0215e8827
Deleted port: 7407687c-ef61-4c0e-86ce-cdb59de3c511
Deleted port: 7e4f4ba0-936f-40d4-b7ac-9acfa4c72629
Deleted port: 7d884ddf-f0b3-4f77-94f5-57c00554ad7b
Deleted port: 7743751c-8533-47e5-8718-00a0372fbcbd
Deleted port: 7f096609-ff66-41fa-83b3-a20effe51077
Deleted port: 828cea55-2e21-4280-b2d2-68a83cb2f79d
Deleted port: 7a760e16-c2bf-4178-9747-3b0a2e2541d4
Deleted port: 813e7aef-7ab0-4e5d-8e04-e727a33af87c
Deleted port: 82d1dc8a-96b4-4ba3-95fd-bfb7855faa8f
Deleted port: 7d2f2d55-7d9a-4d11-8e1f-4022ba956873
Deleted port: 8212aed5-8afe-4c86-9945-a6112712530b
Deleted port: 83eef0d2-37f6-466e-8cb5-8ea1d5ad38f0
Deleted port: 7d675922-5aed-4bce-8983-44368c0c46ed
Deleted port: 82ec0a39-2df7-4d32-811f-4db4b2e1aa21
Deleted port: 84ce10cd-78dd-4dd3-9a79-c6c4d321cbc8
Deleted port: 7d79dd87-203b-4138-8f15-fd3c0521fd70
Deleted port: 86498a45-df9c-4a90-8668-81c0a4c21fc6
Deleted port: 85829675-03e4-4baf-9028-047959d2fd70
Deleted port: 7f072307-0cc1-448e-9d61-4bf75c76aeff
Deleted port: 86c5eb00-d029-475a-8829-a015e98b3e97
Deleted port: 886f19be-28de-41a5-9bbd-ad1c2ecfec52
Deleted port: 81dc4acc-9263-48ea-9fca-8b2a6d7820d6
Deleted port: 880ad93e-4bd8-43f8-91e2-ce7a3ab6494c
Deleted port: 8d4a757d-f8ac-4d77-aa00-6dc4a4b70062
Deleted port: 84a6d19c-fee3-477e-8091-2ac1bd6d4990
Deleted port: 8d184dfb-4dfb-48d8-a0fd-0aeef7994ac2
Deleted port: 8d9b20cb-a7cf-4071-8ebc-e22e2ec57100
Deleted port: 85cdaf4e-8007-4b5c-8e41-e4d8934da7d4
Deleted port: 8e339d39-0d87-4b5a-a9b4-0114a2ffa506
Deleted port: 8ecd4a66-0299-4e35-bd02-5237d6f5c621
Deleted port: 87ab61e3-c8c2-4235-9e9b-abd91cb56a52
Deleted port: 913e27c9-8abc-4522-bfe9-2b6d221b7ed6
Deleted port: 972a3bb9-21b0-487c-b94e-95eade2fa22d
Deleted port: 87f96212-ec60-424c-9f19-e119b3e9b5c2
Deleted port: 995bb736-90b6-457a-86d9-ced3682ae496
Deleted port: 9923fd5a-077c-4cb0-9ac2-b66d90e729ae
Deleted port: 8b274391-059d-42ce-9f0d-d96ca9746f3b
Deleted port: 9a6f77ce-1388-4d8d-a624-f44c27c6f300
Deleted port: 9a65c276-dd5a-4f06-89a2-7dd337c7cce3
Deleted port: 8b56fb80-324e-4291-8392-75fece47d5bc
Deleted port: 9a7e20aa-b423-4a4c-8855-8940acd03d03
Deleted port: 9a917ed3-ceb7-4dfb-bf99-afb2a0fa415a
Deleted port: 91bec214-1ce5-4acb-9874-7702947a9a2a
Deleted port: 9b0e988e-d02b-4378-a2b8-ea311173c615
Deleted port: 9dfa01b8-fa97-4f40-9573-244e2636d607
Deleted port: 92dd1f1b-a21f-42e1-895e-60caccd8e2fe
Deleted port: 9c0a3aa7-fe78-4041-b68a-4ebb90c44401
Deleted port: a29bae2f-ed5c-4b39-b94f-33b55f735502
Deleted port: 99a322a6-ade0-4786-aab4-b0e24147e83a
Deleted port: 9e2182cd-c758-4f69-88c7-5de2a4f1c4f9
Deleted port: a52cd54a-c029-49ad-9b3d-17d07e700d6e
Deleted port: 99b4fb83-2679-42a0-bab0-29be8fb38ea5
Deleted port: a78e45f1-7fef-4d4d-b4fa-37910e368a83
Deleted port: a9cdc9ec-5907-422f-8e3d-664bd8425ecd
Deleted port: 9c52f188-8a15-4c36-8926-57103ae178da
Deleted port: aa622211-86c0-4068-9f95-483a50779271
Deleted port: ab8cadf8-89d8-489b-982f-18f9b8b0d2be
Deleted port: 9da5572c-f859-4cf0-bbc1-9b96cb86573d
Deleted port: ab80babd-93cb-4de5-a3a2-3991060c38ff
Deleted port: ad2822f2-0388-4038-8f9f-d79a0c8c54a9
Deleted port: 9f96c8b6-e85c-47a0-854d-78950fc80459
Deleted port: ace5ad1d-95b9-4944-a065-482a8eba2537
Deleted port: b3295a5c-aa88-4a80-8cf0-6e176767ebf8
Deleted port: a28cc917-d7df-4980-b6ed-844f0a898b0f
Deleted port: b2274118-881d-4bd6-a115-a68f9aee2a08
Deleted port: b3f087bf-7284-4d04-882f-899382ad2cb3
Deleted port: a52cd8d4-cb57-4a0a-9e4a-4fa5e4abe57f
Deleted port: b47e7004-10d0-45c8-83f8-52283effeb7f
Deleted port: b6a9eff7-6d94-4909-bf31-2875d25e5323
Deleted port: a639b527-7386-4d34-9301-39d6d9c23cef
Deleted port: b664a6c5-1024-4e59-bd5e-b15542488a55
Deleted port: b8b47716-2676-471b-9838-4badde9ed5ab
Deleted port: a8f61e29-fd86-43a0-8ae7-0022b6a9a6c3
Deleted port: b68662b9-39ac-45f8-867e-1c8bf987554d
Deleted port: c852b215-b3d9-4a71-ae21-ce1e304f3176
Deleted port: b254d848-c028-4753-a83d-cb3746ed8dec
Deleted port: b93f87cb-d5d7-4041-ad89-205059cd52dd
Deleted port: cb110c48-2246-4638-8875-38595e8e2173
Deleted port: b2d3301c-01ab-454f-b853-e995eb34e3fa
Deleted port: c46af828-4bdf-438a-ac10-0ac1a2560efd
Deleted port: cd847f15-d173-44c7-b7c1-2f629216303a
Deleted port: bb081479-f9a7-4aa1-91e1-fdcc8c0c9ecd
Deleted port: c9525789-6b7e-4d6f-85bd-7618ccc4d179
Deleted port: cedc9845-a7a5-4d3d-963e-e910492acebc
Deleted port: bc410bb5-aa74-48f0-8d35-de4c9e0d80ce
Deleted port: ca52b3aa-2e40-4069-b73d-ef7897d2db8f
Deleted port: d217d1c6-e12c-40fd-9702-79792a0e7103
Deleted port: c0f4dd28-7148-40db-ade5-2f001182306d
Deleted port: ca5dc909-74ba-4c2e-8b95-19452572b81e
Deleted port: d2e2758b-6b0d-4373-bf91-2d15121504af
Deleted port: c5a3c715-7702-43bf-a9ca-15799ea53141
Deleted port: cb14f8c1-7118-478e-b379-ca2f561688df
Deleted port: d3a30395-26b5-45c3-84f9-73147672e77d
Deleted port: c9ab3d67-a64c-4c6f-af9b-521ee9e1a932
Deleted port: cb38a9af-fcfd-492f-ada4-59a596ad0866
Deleted port: d8879b5a-b4d5-493c-b787-9dafadee2096
Deleted port: d48d317d-baac-45ae-881a-376768d172b4
Deleted port: ce29977a-95a6-4043-83cb-e99667381943
Deleted port: dbbde3ea-b823-465d-aba8-76fec3ed241d
Deleted port: d818652a-a049-48aa-9b13-6c3f60c8786f
Deleted port: cf995306-4d64-4509-8b77-d4709381b217
Deleted port: dc2c0206-b4d1-481a-a514-adcee7f1c935
Deleted port: d9b53186-ed23-466e-97be-d91002c7ce37
Deleted port: cfa60059-74ea-4731-959e-67ab83f20c8c
Deleted port: dd89339f-fcb4-4800-b59a-ae494b94687e
Deleted port: ded64d5d-dcec-46fc-a9c6-09a25b5e0f11
Deleted port: d1407b6c-cdbf-44c5-8dd1-d7a4771a2962
Deleted port: de38021a-f746-486f-bda7-fc155a8a2e32
Deleted port: df2fc8d5-d348-4a0a-9378-7869c94efec9
Deleted port: d1dcc57e-2015-4310-96bf-49a06d2584bd
Deleted port: e1481255-e553-4a5c-ac8d-b21ff1716676
Deleted port: dfe5b0b7-e0b4-454d-8175-b4bbc668902a
Deleted port: d8656cf1-f6a6-4098-8931-5f23c171b633
Deleted port: e185a172-424f-4691-bfa8-ffacb29df430
Deleted port: e1d70691-0082-43e8-a61a-72dabff763c6
Deleted port: dcde5adb-f133-4cec-9dcc-fb8e7eddbe93
Deleted port: e21871dd-24f2-4fff-bd53-bd7fb37cac88
Deleted port: e6606b5f-807d-4432-a7be-d64c17345b9a
Deleted port: de682980-cb50-4cb2-a2d7-6447f27b1d34
Deleted port: e368b1e9-3ba6-4d84-b63f-5ea76ec565bf
Deleted port: e74eeaff-0f86-46bf-8f07-43161b9122ff
Deleted port: e1b542cd-3044-4993-a312-69887af41a44
Deleted port: e3db889b-d255-4af1-917a-1eb7b449ea9b
Deleted port: ea86a297-05aa-4d4a-9013-7b8ec4bf44d9
Deleted port: e7db1f79-e2a0-431b-95ec-74f9c8180953
Deleted port: e7752614-05fa-4ff7-ba07-c0c97910c9f9
Deleted port: efe9c063-ffce-410b-ba13-4516678dd7a4
Deleted port: eab04f15-2f87-4573-9de0-bd1789f72ac0
Deleted port: e8276ff2-c090-40f9-9638-d3a986302267
Deleted port: f03ad139-9272-4bb0-a1cf-763aeb32fbfe
Deleted port: eb420035-659e-4c0f-a0cb-91d67a404d2e
Deleted port: e8f19b6a-d716-4ef0-a9bb-9f922b8436b2
Deleted port: f13497dd-e735-4409-a112-c8ae5f52f5d9
Deleted port: ef29b2b6-d1d4-4bfc-a1a5-a25b8b4669bc
Deleted port: eecbb642-a1b3-417f-996e-43ec8ccc847a
Deleted port: f39568af-f088-4744-8a39-5f1b12b9aded
Deleted port: f2bdf828-3d42-4d6b-a82e-2b7aad9b05ce
Deleted port: f2b3030e-2e61-45e1-8922-7981fbb9dbcf
Deleted port: f75934ae-979e-4f0a-a049-ba72804ba009
Deleted port: f2c926c2-6d0d-47bb-ad1a-0404ab31686c
Deleted port: f5ff3f37-2225-488f-8c88-798f28cd41fa
Deleted port: f8f24fe7-bab7-4c08-af6b-f4683f4e6465
Deleted port: f70c9fd2-ccfc-4127-8512-bda59e5ad38c
Deleted port: f63ec854-c903-4b1f-8bd8-c4b1d581a4bb
Deleted port: fdc5c53e-2b4c-47f6-9dbf-78130b4dd884
Deleted port: fd08af04-009c-4728-ad6d-1a7080248e30
Deleted port: f9c9d47b-fc07-4dc5-bf42-7a39ef78019c
Deleted port: fe249ebc-487c-4c01-8897-4b821045a915
Deleted port: fd3de585-ed65-4495-9398-bf95fe4b7244
Deleted network: network0
Deleted network: network0
Deleted network: network0
Deleted network: network1
Deleted network: network1
Deleted network: network1
Deleted network: network2
Deleted network: network2
Deleted network: network2
Deleted network: network3
Deleted network: network3
Deleted network: network3
Deleted network: network4
Deleted network: network4
Deleted network: network4
for p in $(neutron port-list --os-username tenant0user --os-password pass --os-tenant-name tenant0 --os-auth-url https://identity.jiocloud.com:5000/v2.0/ | awk  '{print $2}'); do neutron port-delete --os-username tenant0user --os-password pass --os-tenant-name tenant0 --os-auth-url https://identity.jiocloud.com:5000/v2.0/ $p; done
 for p in $(neutron port-list --os-username tenant1user --os-password pass --os-tenant-name tenant1 --os-auth-url https://identity.jiocloud.com:5000/v2.0/ | awk  '{print $2}'); do neutron port-delete --os-username tenant1user --os-password pass --os-tenant-name tenant1 --os-auth-url https://identity.jiocloud.com:5000/v2.0/ $p; done
for p in $(neutron port-list --os-username tenant2user --os-password pass --os-tenant-name tenant2 --os-auth-url https://identity.jiocloud.com:5000/v2.0/ | awk  '{print $2}'); do neutron port-delete --os-username tenant2user --os-password pass --os-tenant-name tenant2 --os-auth-url https://identity.jiocloud.com:5000/v2.0/ $p; donex

pass of port deletion
neutron net-delete network0 --os-username tenant0user --os-password pass --os-tenant-name tenant0 --os-auth-url https://identity.jiocloud.com:5000/v2.0/
pass of port deletion
neutron net-delete network0 --os-username tenant1user --os-password pass --os-tenant-name tenant1 --os-auth-url https://identity.jiocloud.com:5000/v2.0/
pass of port deletion
neutron net-delete network0 --os-username tenant2user --os-password pass --os-tenant-name tenant2 --os-auth-url https://identity.jiocloud.com:5000/v2.0/
pass of network deletion
neutron net-delete network1 --os-username tenant0user --os-password pass --os-tenant-name tenant0 --os-auth-url https://identity.jiocloud.com:5000/v2.0/
pass of network deletion
neutron net-delete network1 --os-username tenant1user --os-password pass --os-tenant-name tenant1 --os-auth-url https://identity.jiocloud.com:5000/v2.0/
pass of network deletion
neutron net-delete network1 --os-username tenant2user --os-password pass --os-tenant-name tenant2 --os-auth-url https://identity.jiocloud.com:5000/v2.0/
pass of network deletion
neutron net-delete network2 --os-username tenant0user --os-password pass --os-tenant-name tenant0 --os-auth-url https://identity.jiocloud.com:5000/v2.0/
pass of network deletion
neutron net-delete network2 --os-username tenant1user --os-password pass --os-tenant-name tenant1 --os-auth-url https://identity.jiocloud.com:5000/v2.0/
pass of network deletion
neutron net-delete network2 --os-username tenant2user --os-password pass --os-tenant-name tenant2 --os-auth-url https://identity.jiocloud.com:5000/v2.0/
pass of network deletion
neutron net-delete network3 --os-username tenant0user --os-password pass --os-tenant-name tenant0 --os-auth-url https://identity.jiocloud.com:5000/v2.0/
pass of network deletion
neutron net-delete network3 --os-username tenant1user --os-password pass --os-tenant-name tenant1 --os-auth-url https://identity.jiocloud.com:5000/v2.0/
pass of network deletion
neutron net-delete network3 --os-username tenant2user --os-password pass --os-tenant-name tenant2 --os-auth-url https://identity.jiocloud.com:5000/v2.0/
pass of network deletion
neutron net-delete network4 --os-username tenant0user --os-password pass --os-tenant-name tenant0 --os-auth-url https://identity.jiocloud.com:5000/v2.0/
pass of network deletion
neutron net-delete network4 --os-username tenant1user --os-password pass --os-tenant-name tenant1 --os-auth-url https://identity.jiocloud.com:5000/v2.0/
pass of network deletion
neutron net-delete network4 --os-username tenant2user --os-password pass --os-tenant-name tenant2 --os-auth-url https://identity.jiocloud.com:5000/v2.0/
pass of network deletion
neutron router-delete router0 --os-username tenant0user --os-password pass --os-tenant-name tenant0 --os-auth-url https://identity.jiocloud.com:5000/v2.0/
pass of network deletion
neutron router-delete router0 --os-username tenant1user --os-password pass --os-tenant-name tenant1 --os-auth-url https://identity.jiocloud.com:5000/v2.0/
pass of network deletion
neutron router-delete router0 --os-username tenaDeleted router: router0
Deleted router: router0
Deleted router: router0
Deleted router: router1
Deleted router: router1
Deleted router: router1
Deleted router: router2
Deleted router: router2
Deleted router: router2
Deleted router: router3
Deleted router: router3
Deleted router: router3
Deleted router: router4
Deleted router: router4
Deleted router: router4
Deleted router: router5
Deleted router: router5
Deleted router: router5
Deleted router: router6
Deleted router: router6
Deleted router: router6
Deleted router: router7
Deleted router: router7
nt2user --os-password pass --os-tenant-name tenant2 --os-auth-url https://identity.jiocloud.com:5000/v2.0/
pass of router deletion
neutron router-delete router1 --os-username tenant0user --os-password pass --os-tenant-name tenant0 --os-auth-url https://identity.jiocloud.com:5000/v2.0/
pass of router deletion
neutron router-delete router1 --os-username tenant1user --os-password pass --os-tenant-name tenant1 --os-auth-url https://identity.jiocloud.com:5000/v2.0/
pass of router deletion
neutron router-delete router1 --os-username tenant2user --os-password pass --os-tenant-name tenant2 --os-auth-url https://identity.jiocloud.com:5000/v2.0/
pass of router deletion
neutron router-delete router2 --os-username tenant0user --os-password pass --os-tenant-name tenant0 --os-auth-url https://identity.jiocloud.com:5000/v2.0/
pass of router deletion
neutron router-delete router2 --os-username tenant1user --os-password pass --os-tenant-name tenant1 --os-auth-url https://identity.jiocloud.com:5000/v2.0/
pass of router deletion
neutron router-delete router2 --os-username tenant2user --os-password pass --os-tenant-name tenant2 --os-auth-url https://identity.jiocloud.com:5000/v2.0/
pass of router deletion
neutron router-delete router3 --os-username tenant0user --os-password pass --os-tenant-name tenant0 --os-auth-url https://identity.jiocloud.com:5000/v2.0/
pass of router deletion
neutron router-delete router3 --os-username tenant1user --os-password pass --os-tenant-name tenant1 --os-auth-url https://identity.jiocloud.com:5000/v2.0/
pass of router deletion
neutron router-delete router3 --os-username tenant2user --os-password pass --os-tenant-name tenant2 --os-auth-url https://identity.jiocloud.com:5000/v2.0/
pass of router deletion
neutron router-delete router4 --os-username tenant0user --os-password pass --os-tenant-name tenant0 --os-auth-url https://identity.jiocloud.com:5000/v2.0/
pass of router deletion
neutron router-delete router4 --os-username tenant1user --os-password pass --os-tenant-name tenant1 --os-auth-url https://identity.jiocloud.com:5000/v2.0/
pass of router deletion
neutron router-delete router4 --os-username tenant2user --os-password pass --os-tenant-name tenant2 --os-auth-url https://identity.jiocloud.com:5000/v2.0/
pass of router deletion
neutron router-delete router5 --os-username tenant0user --os-password pass --os-tenant-name tenant0 --os-auth-url https://identity.jiocloud.com:5000/v2.0/
pass of router deletion
neutron router-delete router5 --os-username tenant1user --os-password pass --os-tenant-name tenant1 --os-auth-url https://identity.jiocloud.com:5000/v2.0/
pass of router deletion
neutron router-delete router5 --os-username tenant2user --os-password pass --os-tenant-name tenant2 --os-auth-url https://identity.jiocloud.com:5000/v2.0/
pass of router deletion
neutron router-delete router6 --os-username tenant0user --os-password pass --os-tenant-name tenant0 --os-auth-url https://identity.jiocloud.com:5000/v2.0/
pass of router deletion
neutron router-delete router6 --os-username tenant1user --os-password pass --os-tenant-name tenant1 --os-auth-url https://identity.jiocloud.com:5000/v2.0/
pass of router deletion
neutron router-delete router6 --os-username tenant2user --os-password pass --os-tenant-name tenant2 --os-auth-url https://identity.jiocloud.com:5000/v2.0/
pass of router deletion
neutron router-delete router7 --os-username tenant0user --os-password pass --os-tenant-name tenant0 --os-auth-url https://identity.jiocloud.com:5000/v2.0/
pass of router deletion
neutron router-delete router7 --os-username tenant1user --os-password pass --os-tenant-name tenant1 --os-auth-url https://identity.jiocloud.com:5000/v2.0/
pass of router deletion
neutron router-delete router7 --os-username tenant2user --os-password pass --os-tenant-name tenant2 --os-auth-url https://identity.jiocloud.com:5000/v2.0/
pass of router deletion
neutron router-delete router8 --os-username tenant0user --os-password pass --os-tenant-name tenant0 --os-auth-url https://identity.jiocloud.com:5000/v2.0/
pass of router deletion
neutron router-delete routeDeleted router: router7
Deleted router: router8
Deleted router: router8
Deleted router: router8
Deleted router: router9
Deleted router: router9
Deleted router: router9
Deleted security_group: securitygroup0
Deleted security_group: securitygroup0
Deleted security_group: securitygroup0
Deleted security_group: securitygroup1
Deleted security_group: securitygroup1
Deleted security_group: securitygroup1
Deleted security_group: securitygroup2
Deleted security_group: securitygroup2
Deleted security_group: securitygroup2
Deleted security_group: securitygroup3
Deleted security_group: securitygroup3
Deleted security_group: securitygroup3
Deleted security_group: securitygroup4
Deleted security_group: securitygroup4
r8 --os-username tenant1user --os-password pass --os-tenant-name tenant1 --os-auth-url https://identity.jiocloud.com:5000/v2.0/
pass of router deletion
neutron router-delete router8 --os-username tenant2user --os-password pass --os-tenant-name tenant2 --os-auth-url https://identity.jiocloud.com:5000/v2.0/
pass of router deletion
neutron router-delete router9 --os-username tenant0user --os-password pass --os-tenant-name tenant0 --os-auth-url https://identity.jiocloud.com:5000/v2.0/
pass of router deletion
neutron router-delete router9 --os-username tenant1user --os-password pass --os-tenant-name tenant1 --os-auth-url https://identity.jiocloud.com:5000/v2.0/
pass of router deletion
neutron router-delete router9 --os-username tenant2user --os-password pass --os-tenant-name tenant2 --os-auth-url https://identity.jiocloud.com:5000/v2.0/
pass of router deletion
neutron security-group-delete securitygroup0 --os-username tenant0user --os-password pass --os-tenant-name tenant0 --os-auth-url https://identity.jiocloud.com:5000/v2.0/
pass of router deletion
neutron security-group-delete securitygroup0 --os-username tenant1user --os-password pass --os-tenant-name tenant1 --os-auth-url https://identity.jiocloud.com:5000/v2.0/
pass of router deletion
neutron security-group-delete securitygroup0 --os-username tenant2user --os-password pass --os-tenant-name tenant2 --os-auth-url https://identity.jiocloud.com:5000/v2.0/
pass of securitygroup deletion
neutron security-group-delete securitygroup1 --os-username tenant0user --os-password pass --os-tenant-name tenant0 --os-auth-url https://identity.jiocloud.com:5000/v2.0/
pass of securitygroup deletion
neutron security-group-delete securitygroup1 --os-username tenant1user --os-password pass --os-tenant-name tenant1 --os-auth-url https://identity.jiocloud.com:5000/v2.0/
pass of securitygroup deletion
neutron security-group-delete securitygroup1 --os-username tenant2user --os-password pass --os-tenant-name tenant2 --os-auth-url https://identity.jiocloud.com:5000/v2.0/
pass of securitygroup deletion
neutron security-group-delete securitygroup2 --os-username tenant0user --os-password pass --os-tenant-name tenant0 --os-auth-url https://identity.jiocloud.com:5000/v2.0/
pass of securitygroup deletion
neutron security-group-delete securitygroup2 --os-username tenant1user --os-password pass --os-tenant-name tenant1 --os-auth-url https://identity.jiocloud.com:5000/v2.0/
pass of securitygroup deletion
neutron security-group-delete securitygroup2 --os-username tenant2user --os-password pass --os-tenant-name tenant2 --os-auth-url https://identity.jiocloud.com:5000/v2.0/
pass of securitygroup deletion
neutron security-group-delete securitygroup3 --os-username tenant0user --os-password pass --os-tenant-name tenant0 --os-auth-url https://identity.jiocloud.com:5000/v2.0/
pass of securitygroup deletion
neutron security-group-delete securitygroup3 --os-username tenant1user --os-password pass --os-tenant-name tenant1 --os-auth-url https://identity.jiocloud.com:5000/v2.0/
pass of securitygroup deletion
neutron security-group-delete securitygroup3 --os-username tenant2user --os-password pass --os-tenant-name tenant2 --os-auth-url https://identity.jiocloud.com:5000/v2.0/
pass of securitygroup deletion
neutron security-group-delete securitygroup4 --os-username tenant0user --os-password pass --os-tenant-name tenant0 --os-auth-url https://identity.jiocloud.com:5000/v2.0/
pass of securitygroup deletion
neutron security-group-delete securitygroup4 --os-username tenant1user --os-password pass --os-tenant-name tenant1 --os-auth-url https://identity.jiocloud.com:5000/v2.0/
pass of securitygroup deletion
neutron security-group-delete securitygroup4 --os-username tenant2user --os-password pass --os-tenant-name tenant2 --os-auth-url https://identity.jiocloud.com:5000/v2.0/
pass of securitygroup deletion
neutron security-group-delete securitygroup5 --os-username tenant0user --os-password pass --os-tenant-name tenant0 --os-auth-url https://identity.jiocloud.com:5000/v2.0/
pass of securitygroup deletion
neutron security-group-delDeleted security_group: securitygroup4
Deleted security_group: securitygroup5
Deleted security_group: securitygroup5
Deleted security_group: securitygroup5
Deleted security_group: securitygroup6
Deleted security_group: securitygroup6
Deleted security_group: securitygroup6
Deleted security_group: securitygroup7
Deleted security_group: securitygroup7
Deleted security_group: securitygroup7
Deleted security_group: securitygroup8
Deleted security_group: securitygroup8
Deleted security_group: securitygroup8
Deleted security_group: securitygroup9
Deleted security_group: securitygroup9
Deleted security_group: securitygroup9
Deleted security_group: securitygroup10
Deleted security_group: securitygroup10
Deleted security_group: securitygroup10
Deleted security_group: securitygroup11
ete securitygroup5 --os-username tenant1user --os-password pass --os-tenant-name tenant1 --os-auth-url https://identity.jiocloud.com:5000/v2.0/
pass of securitygroup deletion
neutron security-group-delete securitygroup5 --os-username tenant2user --os-password pass --os-tenant-name tenant2 --os-auth-url https://identity.jiocloud.com:5000/v2.0/
pass of securitygroup deletion
neutron security-group-delete securitygroup6 --os-username tenant0user --os-password pass --os-tenant-name tenant0 --os-auth-url https://identity.jiocloud.com:5000/v2.0/
pass of securitygroup deletion
neutron security-group-delete securitygroup6 --os-username tenant1user --os-password pass --os-tenant-name tenant1 --os-auth-url https://identity.jiocloud.com:5000/v2.0/
pass of securitygroup deletion
neutron security-group-delete securitygroup6 --os-username tenant2user --os-password pass --os-tenant-name tenant2 --os-auth-url https://identity.jiocloud.com:5000/v2.0/
pass of securitygroup deletion
neutron security-group-delete securitygroup7 --os-username tenant0user --os-password pass --os-tenant-name tenant0 --os-auth-url https://identity.jiocloud.com:5000/v2.0/
pass of securitygroup deletion
neutron security-group-delete securitygroup7 --os-username tenant1user --os-password pass --os-tenant-name tenant1 --os-auth-url https://identity.jiocloud.com:5000/v2.0/
pass of securitygroup deletion
neutron security-group-delete securitygroup7 --os-username tenant2user --os-password pass --os-tenant-name tenant2 --os-auth-url https://identity.jiocloud.com:5000/v2.0/
pass of securitygroup deletion
neutron security-group-delete securitygroup8 --os-username tenant0user --os-password pass --os-tenant-name tenant0 --os-auth-url https://identity.jiocloud.com:5000/v2.0/
pass of securitygroup deletion
neutron security-group-delete securitygroup8 --os-username tenant1user --os-password pass --os-tenant-name tenant1 --os-auth-url https://identity.jiocloud.com:5000/v2.0/
pass of securitygroup deletion
neutron security-group-delete securitygroup8 --os-username tenant2user --os-password pass --os-tenant-name tenant2 --os-auth-url https://identity.jiocloud.com:5000/v2.0/
pass of securitygroup deletion
neutron security-group-delete securitygroup9 --os-username tenant0user --os-password pass --os-tenant-name tenant0 --os-auth-url https://identity.jiocloud.com:5000/v2.0/
pass of securitygroup deletion
neutron security-group-delete securitygroup9 --os-username tenant1user --os-password pass --os-tenant-name tenant1 --os-auth-url https://identity.jiocloud.com:5000/v2.0/
pass of securitygroup deletion
neutron security-group-delete securitygroup9 --os-username tenant2user --os-password pass --os-tenant-name tenant2 --os-auth-url https://identity.jiocloud.com:5000/v2.0/
pass of securitygroup deletion
neutron security-group-delete securitygroup10 --os-username tenant0user --os-password pass --os-tenant-name tenant0 --os-auth-url https://identity.jiocloud.com:5000/v2.0/
pass of securitygroup deletion
neutron security-group-delete securitygroup10 --os-username tenant1user --os-password pass --os-tenant-name tenant1 --os-auth-url https://identity.jiocloud.com:5000/v2.0/
pass of securitygroup deletion
neutron security-group-delete securitygroup10 --os-username tenant2user --os-password pass --os-tenant-name tenant2 --os-auth-url https://identity.jiocloud.com:5000/v2.0/
pass of securitygroup deletion
neutron security-group-delete securitygroup11 --os-username tenant0user --os-password pass --os-tenant-name tenant0 --os-auth-url https://identity.jiocloud.com:5000/v2.0/
pass of securitygroup deletion
neutron security-group-delete securitygroup11 --os-username tenant1user --os-password pass --os-tenant-name tenant1 --os-auth-url https://identity.jiocloud.com:5000/v2.0/
pass of securitygroup deletion
neutron security-group-delete securitygroup11 --os-username tenant2user --os-password pass --os-tenant-name tenant2 --os-auth-url https://identity.jiocloud.com:5000/v2.0/
pass of securitygroup deletion
neutron security-group-delete securitygroup12 --os-username tenant0user --os-password pass --os-Deleted security_group: securitygroup11
Deleted security_group: securitygroup11
Deleted security_group: securitygroup12
Deleted security_group: securitygroup12
Deleted security_group: securitygroup12
Deleted security_group: securitygroup13
Deleted security_group: securitygroup13
Deleted security_group: securitygroup14
Deleted security_group: securitygroup13
Deleted security_group: securitygroup14
Deleted security_group: securitygroup14
Deleted security_group: securitygroup15
Deleted security_group: securitygroup15
Deleted security_group: securitygroup15
Deleted security_group: securitygroup16
Deleted security_group: securitygroup16
Deleted security_group: securitygroup16
Deleted security_group: securitygroup17
Deleted security_group: securitygroup17
Deleted security_group: securitygroup17
tenant-name tenant0 --os-auth-url https://identity.jiocloud.com:5000/v2.0/
pass of securitygroup deletion
neutron security-group-delete securitygroup12 --os-username tenant1user --os-password pass --os-tenant-name tenant1 --os-auth-url https://identity.jiocloud.com:5000/v2.0/
pass of securitygroup deletion
neutron security-group-delete securitygroup12 --os-username tenant2user --os-password pass --os-tenant-name tenant2 --os-auth-url https://identity.jiocloud.com:5000/v2.0/
pass of securitygroup deletion
neutron security-group-delete securitygroup13 --os-username tenant0user --os-password pass --os-tenant-name tenant0 --os-auth-url https://identity.jiocloud.com:5000/v2.0/
pass of securitygroup deletion
neutron security-group-delete securitygroup13 --os-username tenant1user --os-password pass --os-tenant-name tenant1 --os-auth-url https://identity.jiocloud.com:5000/v2.0/
pass of securitygroup deletion
neutron security-group-delete securitygroup13 --os-username tenant2user --os-password pass --os-tenant-name tenant2 --os-auth-url https://identity.jiocloud.com:5000/v2.0/
pass of securitygroup deletion
neutron security-group-delete securitygroup14 --os-username tenant0user --os-password pass --os-tenant-name tenant0 --os-auth-url https://identity.jiocloud.com:5000/v2.0/
pass of securitygroup deletion
neutron security-group-delete securitygroup14 --os-username tenant1user --os-password pass --os-tenant-name tenant1 --os-auth-url https://identity.jiocloud.com:5000/v2.0/
pass of securitygroup deletion
neutron security-group-delete securitygroup15 --os-username tenant0user --os-password pass --os-tenant-name tenant0 --os-auth-url https://identity.jiocloud.com:5000/v2.0/
pass of securitygroup deletion
neutron security-group-delete securitygroup14 --os-username tenant2user --os-password pass --os-tenant-name tenant2 --os-auth-url https://identity.jiocloud.com:5000/v2.0/
pass of securitygroup deletion
neutron security-group-delete securitygroup15 --os-username tenant1user --os-password pass --os-tenant-name tenant1 --os-auth-url https://identity.jiocloud.com:5000/v2.0/
pass of securitygroup deletion
neutron security-group-delete securitygroup15 --os-username tenant2user --os-password pass --os-tenant-name tenant2 --os-auth-url https://identity.jiocloud.com:5000/v2.0/
pass of securitygroup deletion
neutron security-group-delete securitygroup16 --os-username tenant0user --os-password pass --os-tenant-name tenant0 --os-auth-url https://identity.jiocloud.com:5000/v2.0/
pass of securitygroup deletion
neutron security-group-delete securitygroup16 --os-username tenant1user --os-password pass --os-tenant-name tenant1 --os-auth-url https://identity.jiocloud.com:5000/v2.0/
pass of securitygroup deletion
neutron security-group-delete securitygroup16 --os-username tenant2user --os-password pass --os-tenant-name tenant2 --os-auth-url https://identity.jiocloud.com:5000/v2.0/
pass of securitygroup deletion
neutron security-group-delete securitygroup17 --os-username tenant0user --os-password pass --os-tenant-name tenant0 --os-auth-url https://identity.jiocloud.com:5000/v2.0/
pass of securitygroup deletion
neutron security-group-delete securitygroup17 --os-username tenant1user --os-password pass --os-tenant-name tenant1 --os-auth-url https://identity.jiocloud.com:5000/v2.0/
pass of securitygroup deletion
neutron security-group-delete securitygroup17 --os-username tenant2user --os-password pass --os-tenant-name tenant2 --os-auth-url https://identity.jiocloud.com:5000/v2.0/
pass of securitygroup deletion
neutron security-group-delete securitygroup18 --os-username tenant0user --os-password pass --os-tenant-name tenant0 --os-auth-url https://identity.jiocloud.com:5000/v2.0/
pass of securitygroup deletion
neutron security-group-delete securitygroup18 --os-username tenant1user --os-password pass --os-tenant-name tenant1 --os-auth-url https://identity.jiocloud.com:5000/v2.0/
pass of securitygroup deletion
neutron security-group-delete securitygroup18 --os-username tenant2user --os-password pass --os-tenant-name tenant2 --os-auth-url https://identity.jioclDeleted security_group: securitygroup18
Deleted security_group: securitygroup18
Deleted security_group: securitygroup18
Deleted security_group: securitygroup19
Deleted security_group: securitygroup19
Deleted security_group: securitygroup19
Deleted security_group: securitygroup20
Deleted security_group: securitygroup20
Deleted security_group: securitygroup20
Deleted security_group: securitygroup21
Deleted security_group: securitygroup21
Deleted security_group: securitygroup21
Deleted security_group: securitygroup22
Deleted security_group: securitygroup22
Deleted security_group: securitygroup22
Deleted security_group: securitygroup23
Deleted security_group: securitygroup23
Deleted security_group: securitygroup23
Deleted security_group: securitygroup24
Deleted security_group: securitygroup24
Deleted security_group: securitygroup24
oud.com:5000/v2.0/
pass of securitygroup deletion
neutron security-group-delete securitygroup19 --os-username tenant0user --os-password pass --os-tenant-name tenant0 --os-auth-url https://identity.jiocloud.com:5000/v2.0/
pass of securitygroup deletion
neutron security-group-delete securitygroup19 --os-username tenant1user --os-password pass --os-tenant-name tenant1 --os-auth-url https://identity.jiocloud.com:5000/v2.0/
pass of securitygroup deletion
neutron security-group-delete securitygroup19 --os-username tenant2user --os-password pass --os-tenant-name tenant2 --os-auth-url https://identity.jiocloud.com:5000/v2.0/
pass of securitygroup deletion
neutron security-group-delete securitygroup20 --os-username tenant0user --os-password pass --os-tenant-name tenant0 --os-auth-url https://identity.jiocloud.com:5000/v2.0/
pass of securitygroup deletion
neutron security-group-delete securitygroup20 --os-username tenant2user --os-password pass --os-tenant-name tenant2 --os-auth-url https://identity.jiocloud.com:5000/v2.0/
pass of securitygroup deletion
neutron security-group-delete securitygroup20 --os-username tenant1user --os-password pass --os-tenant-name tenant1 --os-auth-url https://identity.jiocloud.com:5000/v2.0/
pass of securitygroup deletion
neutron security-group-delete securitygroup21 --os-username tenant0user --os-password pass --os-tenant-name tenant0 --os-auth-url https://identity.jiocloud.com:5000/v2.0/
pass of securitygroup deletion
neutron security-group-delete securitygroup21 --os-username tenant2user --os-password pass --os-tenant-name tenant2 --os-auth-url https://identity.jiocloud.com:5000/v2.0/
pass of securitygroup deletion
neutron security-group-delete securitygroup21 --os-username tenant1user --os-password pass --os-tenant-name tenant1 --os-auth-url https://identity.jiocloud.com:5000/v2.0/
pass of securitygroup deletion
neutron security-group-delete securitygroup22 --os-username tenant0user --os-password pass --os-tenant-name tenant0 --os-auth-url https://identity.jiocloud.com:5000/v2.0/
pass of securitygroup deletion
neutron security-group-delete securitygroup22 --os-username tenant1user --os-password pass --os-tenant-name tenant1 --os-auth-url https://identity.jiocloud.com:5000/v2.0/
pass of securitygroup deletion
neutron security-group-delete securitygroup22 --os-username tenant2user --os-password pass --os-tenant-name tenant2 --os-auth-url https://identity.jiocloud.com:5000/v2.0/
pass of securitygroup deletion
neutron security-group-delete securitygroup23 --os-username tenant0user --os-password pass --os-tenant-name tenant0 --os-auth-url https://identity.jiocloud.com:5000/v2.0/
pass of securitygroup deletion
neutron security-group-delete securitygroup23 --os-username tenant2user --os-password pass --os-tenant-name tenant2 --os-auth-url https://identity.jiocloud.com:5000/v2.0/
pass of securitygroup deletion
neutron security-group-delete securitygroup23 --os-username tenant1user --os-password pass --os-tenant-name tenant1 --os-auth-url https://identity.jiocloud.com:5000/v2.0/
pass of securitygroup deletion
neutron security-group-delete securitygroup24 --os-username tenant0user --os-password pass --os-tenant-name tenant0 --os-auth-url https://identity.jiocloud.com:5000/v2.0/
pass of securitygroup deletion
neutron security-group-delete securitygroup24 --os-username tenant1user --os-password pass --os-tenant-name tenant1 --os-auth-url https://identity.jiocloud.com:5000/v2.0/
pass of securitygroup deletion
neutron security-group-delete securitygroup24 --os-username tenant2user --os-password pass --os-tenant-name tenant2 --os-auth-url https://identity.jiocloud.com:5000/v2.0/
pass of securitygroup deletion
neutron security-group-delete securitygroup25 --os-username tenant0user --os-password pass --os-tenant-name tenant0 --os-auth-url https://identity.jiocloud.com:5000/v2.0/
pass of securitygroup deletion
neutron security-group-delete securitygroup25 --os-username tenant1user --os-password pass --os-tenant-name tenant1 --os-auth-url https://identity.jiocloud.com:5000/v2.0/
pass of securitygroup deletion
neutroDeleted security_group: securitygroup25
Deleted security_group: securitygroup25
Deleted security_group: securitygroup25
Deleted security_group: securitygroup26
Deleted security_group: securitygroup26
Deleted security_group: securitygroup26
Deleted security_group: securitygroup27
Deleted security_group: securitygroup27
Deleted security_group: securitygroup27
Deleted security_group: securitygroup28
Deleted security_group: securitygroup28
Deleted security_group: securitygroup28
Deleted security_group: securitygroup29
Deleted security_group: securitygroup29
Deleted security_group: securitygroup29
Deleted security_group: securitygroup30
Deleted security_group: securitygroup30
Deleted security_group: securitygroup30
Deleted security_group: securitygroup31
Deleted security_group: securitygroup31
Deleted security_group: securitygroup31
n security-group-delete securitygroup25 --os-username tenant2user --os-password pass --os-tenant-name tenant2 --os-auth-url https://identity.jiocloud.com:5000/v2.0/
pass of securitygroup deletion
neutron security-group-delete securitygroup26 --os-username tenant0user --os-password pass --os-tenant-name tenant0 --os-auth-url https://identity.jiocloud.com:5000/v2.0/
pass of securitygroup deletion
neutron security-group-delete securitygroup26 --os-username tenant2user --os-password pass --os-tenant-name tenant2 --os-auth-url https://identity.jiocloud.com:5000/v2.0/
pass of securitygroup deletion
neutron security-group-delete securitygroup26 --os-username tenant1user --os-password pass --os-tenant-name tenant1 --os-auth-url https://identity.jiocloud.com:5000/v2.0/
pass of securitygroup deletion
neutron security-group-delete securitygroup27 --os-username tenant0user --os-password pass --os-tenant-name tenant0 --os-auth-url https://identity.jiocloud.com:5000/v2.0/
pass of securitygroup deletion
neutron security-group-delete securitygroup27 --os-username tenant2user --os-password pass --os-tenant-name tenant2 --os-auth-url https://identity.jiocloud.com:5000/v2.0/
pass of securitygroup deletion
neutron security-group-delete securitygroup27 --os-username tenant1user --os-password pass --os-tenant-name tenant1 --os-auth-url https://identity.jiocloud.com:5000/v2.0/
pass of securitygroup deletion
neutron security-group-delete securitygroup28 --os-username tenant0user --os-password pass --os-tenant-name tenant0 --os-auth-url https://identity.jiocloud.com:5000/v2.0/
pass of securitygroup deletion
neutron security-group-delete securitygroup28 --os-username tenant1user --os-password pass --os-tenant-name tenant1 --os-auth-url https://identity.jiocloud.com:5000/v2.0/
pass of securitygroup deletion
neutron security-group-delete securitygroup28 --os-username tenant2user --os-password pass --os-tenant-name tenant2 --os-auth-url https://identity.jiocloud.com:5000/v2.0/
pass of securitygroup deletion
neutron security-group-delete securitygroup29 --os-username tenant0user --os-password pass --os-tenant-name tenant0 --os-auth-url https://identity.jiocloud.com:5000/v2.0/
pass of securitygroup deletion
neutron security-group-delete securitygroup29 --os-username tenant2user --os-password pass --os-tenant-name tenant2 --os-auth-url https://identity.jiocloud.com:5000/v2.0/
pass of securitygroup deletion
neutron security-group-delete securitygroup29 --os-username tenant1user --os-password pass --os-tenant-name tenant1 --os-auth-url https://identity.jiocloud.com:5000/v2.0/
pass of securitygroup deletion
neutron security-group-delete securitygroup30 --os-username tenant0user --os-password pass --os-tenant-name tenant0 --os-auth-url https://identity.jiocloud.com:5000/v2.0/
pass of securitygroup deletion
neutron security-group-delete securitygroup30 --os-username tenant1user --os-password pass --os-tenant-name tenant1 --os-auth-url https://identity.jiocloud.com:5000/v2.0/
pass of securitygroup deletion
neutron security-group-delete securitygroup30 --os-username tenant2user --os-password pass --os-tenant-name tenant2 --os-auth-url https://identity.jiocloud.com:5000/v2.0/
pass of securitygroup deletion
neutron security-group-delete securitygroup31 --os-username tenant0user --os-password pass --os-tenant-name tenant0 --os-auth-url https://identity.jiocloud.com:5000/v2.0/
pass of securitygroup deletion
neutron security-group-delete securitygroup31 --os-username tenant1user --os-password pass --os-tenant-name tenant1 --os-auth-url https://identity.jiocloud.com:5000/v2.0/
pass of securitygroup deletion
neutron security-group-delete securitygroup31 --os-username tenant2user --os-password pass --os-tenant-name tenant2 --os-auth-url https://identity.jiocloud.com:5000/v2.0/
pass of securitygroup deletion
neutron security-group-delete securitygroup32 --os-username tenant0user --os-password pass --os-tenant-name tenant0 --os-auth-url https://identity.jiocloud.com:5000/v2.0/
pass of securitygroup deletion
neutron security-group-delete securitygroup32 --os-username teDeleted security_group: securitygroup32
Deleted security_group: securitygroup32
Deleted security_group: securitygroup32
Deleted security_group: securitygroup33
Deleted security_group: securitygroup33
Deleted security_group: securitygroup33
Deleted security_group: securitygroup34
Deleted security_group: securitygroup34
Deleted security_group: securitygroup35
Deleted security_group: securitygroup34
Deleted security_group: securitygroup35
Deleted security_group: securitygroup36
Deleted security_group: securitygroup35
Deleted security_group: securitygroup36
Deleted security_group: securitygroup37
Deleted security_group: securitygroup36
Deleted security_group: securitygroup37
Deleted security_group: securitygroup37
Deleted security_group: securitygroup38
nant2user --os-password pass --os-tenant-name tenant2 --os-auth-url https://identity.jiocloud.com:5000/v2.0/
pass of securitygroup deletion
neutron security-group-delete securitygroup32 --os-username tenant1user --os-password pass --os-tenant-name tenant1 --os-auth-url https://identity.jiocloud.com:5000/v2.0/
pass of securitygroup deletion
neutron security-group-delete securitygroup33 --os-username tenant0user --os-password pass --os-tenant-name tenant0 --os-auth-url https://identity.jiocloud.com:5000/v2.0/
pass of securitygroup deletion
neutron security-group-delete securitygroup33 --os-username tenant2user --os-password pass --os-tenant-name tenant2 --os-auth-url https://identity.jiocloud.com:5000/v2.0/
pass of securitygroup deletion
neutron security-group-delete securitygroup33 --os-username tenant1user --os-password pass --os-tenant-name tenant1 --os-auth-url https://identity.jiocloud.com:5000/v2.0/
pass of securitygroup deletion
neutron security-group-delete securitygroup34 --os-username tenant0user --os-password pass --os-tenant-name tenant0 --os-auth-url https://identity.jiocloud.com:5000/v2.0/
pass of securitygroup deletion
neutron security-group-delete securitygroup34 --os-username tenant2user --os-password pass --os-tenant-name tenant2 --os-auth-url https://identity.jiocloud.com:5000/v2.0/
pass of securitygroup deletion
neutron security-group-delete securitygroup34 --os-username tenant1user --os-password pass --os-tenant-name tenant1 --os-auth-url https://identity.jiocloud.com:5000/v2.0/
pass of securitygroup deletion
neutron security-group-delete securitygroup35 --os-username tenant0user --os-password pass --os-tenant-name tenant0 --os-auth-url https://identity.jiocloud.com:5000/v2.0/
pass of securitygroup deletion
neutron security-group-delete securitygroup35 --os-username tenant2user --os-password pass --os-tenant-name tenant2 --os-auth-url https://identity.jiocloud.com:5000/v2.0/
pass of securitygroup deletion
neutron security-group-delete securitygroup36 --os-username tenant0user --os-password pass --os-tenant-name tenant0 --os-auth-url https://identity.jiocloud.com:5000/v2.0/
pass of securitygroup deletion
neutron security-group-delete securitygroup35 --os-username tenant1user --os-password pass --os-tenant-name tenant1 --os-auth-url https://identity.jiocloud.com:5000/v2.0/
pass of securitygroup deletion
neutron security-group-delete securitygroup36 --os-username tenant2user --os-password pass --os-tenant-name tenant2 --os-auth-url https://identity.jiocloud.com:5000/v2.0/
pass of securitygroup deletion
neutron security-group-delete securitygroup37 --os-username tenant0user --os-password pass --os-tenant-name tenant0 --os-auth-url https://identity.jiocloud.com:5000/v2.0/
pass of securitygroup deletion
neutron security-group-delete securitygroup36 --os-username tenant1user --os-password pass --os-tenant-name tenant1 --os-auth-url https://identity.jiocloud.com:5000/v2.0/
pass of securitygroup deletion
neutron security-group-delete securitygroup37 --os-username tenant2user --os-password pass --os-tenant-name tenant2 --os-auth-url https://identity.jiocloud.com:5000/v2.0/
pass of securitygroup deletion
neutron security-group-delete securitygroup38 --os-username tenant0user --os-password pass --os-tenant-name tenant0 --os-auth-url https://identity.jiocloud.com:5000/v2.0/
pass of securitygroup deletion
neutron security-group-delete securitygroup37 --os-username tenant1user --os-password pass --os-tenant-name tenant1 --os-auth-url https://identity.jiocloud.com:5000/v2.0/
pass of securitygroup deletion
neutron security-group-delete securitygroup38 --os-username tenant2user --os-password pass --os-tenant-name tenant2 --os-auth-url https://identity.jiocloud.com:5000/v2.0/
pass of securitygroup deletion
neutron security-group-delete securitygroup38 --os-username tenant1user --os-password pass --os-tenant-name tenant1 --os-auth-url https://identity.jiocloud.com:5000/v2.0/
pass of securitygroup deletion
neutron security-group-delete securitygroup39 --os-username tenant0user --os-password pass --os-tenant-name tenant0 --Deleted security_group: securitygroup38
Deleted security_group: securitygroup38
Deleted security_group: securitygroup39
Deleted security_group: securitygroup39
Deleted security_group: securitygroup39
Deleted security_group: securitygroup40
Deleted security_group: securitygroup40
Deleted security_group: securitygroup41
Deleted security_group: securitygroup40
Deleted security_group: securitygroup41
Deleted security_group: securitygroup42
Deleted security_group: securitygroup41
Deleted security_group: securitygroup42
Deleted security_group: securitygroup42
Deleted security_group: securitygroup43
Deleted security_group: securitygroup43
Deleted security_group: securitygroup44
Deleted security_group: securitygroup43
Deleted security_group: securitygroup44
Deleted security_group: securitygroup45
Deleted security_group: securitygroup44
os-auth-url https://identity.jiocloud.com:5000/v2.0/
pass of securitygroup deletion
neutron security-group-delete securitygroup39 --os-username tenant2user --os-password pass --os-tenant-name tenant2 --os-auth-url https://identity.jiocloud.com:5000/v2.0/
pass of securitygroup deletion
neutron security-group-delete securitygroup39 --os-username tenant1user --os-password pass --os-tenant-name tenant1 --os-auth-url https://identity.jiocloud.com:5000/v2.0/
pass of securitygroup deletion
neutron security-group-delete securitygroup40 --os-username tenant0user --os-password pass --os-tenant-name tenant0 --os-auth-url https://identity.jiocloud.com:5000/v2.0/
pass of securitygroup deletion
neutron security-group-delete securitygroup40 --os-username tenant2user --os-password pass --os-tenant-name tenant2 --os-auth-url https://identity.jiocloud.com:5000/v2.0/
pass of securitygroup deletion
neutron security-group-delete securitygroup40 --os-username tenant1user --os-password pass --os-tenant-name tenant1 --os-auth-url https://identity.jiocloud.com:5000/v2.0/
pass of securitygroup deletion
neutron security-group-delete securitygroup41 --os-username tenant0user --os-password pass --os-tenant-name tenant0 --os-auth-url https://identity.jiocloud.com:5000/v2.0/
pass of securitygroup deletion
neutron security-group-delete securitygroup41 --os-username tenant2user --os-password pass --os-tenant-name tenant2 --os-auth-url https://identity.jiocloud.com:5000/v2.0/
pass of securitygroup deletion
neutron security-group-delete securitygroup42 --os-username tenant0user --os-password pass --os-tenant-name tenant0 --os-auth-url https://identity.jiocloud.com:5000/v2.0/
pass of securitygroup deletion
neutron security-group-delete securitygroup41 --os-username tenant1user --os-password pass --os-tenant-name tenant1 --os-auth-url https://identity.jiocloud.com:5000/v2.0/
pass of securitygroup deletion
neutron security-group-delete securitygroup42 --os-username tenant2user --os-password pass --os-tenant-name tenant2 --os-auth-url https://identity.jiocloud.com:5000/v2.0/
pass of securitygroup deletion
neutron security-group-delete securitygroup43 --os-username tenant0user --os-password pass --os-tenant-name tenant0 --os-auth-url https://identity.jiocloud.com:5000/v2.0/
pass of securitygroup deletion
neutron security-group-delete securitygroup42 --os-username tenant1user --os-password pass --os-tenant-name tenant1 --os-auth-url https://identity.jiocloud.com:5000/v2.0/
pass of securitygroup deletion
neutron security-group-delete securitygroup43 --os-username tenant2user --os-password pass --os-tenant-name tenant2 --os-auth-url https://identity.jiocloud.com:5000/v2.0/
pass of securitygroup deletion
neutron security-group-delete securitygroup43 --os-username tenant1user --os-password pass --os-tenant-name tenant1 --os-auth-url https://identity.jiocloud.com:5000/v2.0/
pass of securitygroup deletion
neutron security-group-delete securitygroup44 --os-username tenant0user --os-password pass --os-tenant-name tenant0 --os-auth-url https://identity.jiocloud.com:5000/v2.0/
pass of securitygroup deletion
neutron security-group-delete securitygroup44 --os-username tenant2user --os-password pass --os-tenant-name tenant2 --os-auth-url https://identity.jiocloud.com:5000/v2.0/
pass of securitygroup deletion
neutron security-group-delete securitygroup45 --os-username tenant0user --os-password pass --os-tenant-name tenant0 --os-auth-url https://identity.jiocloud.com:5000/v2.0/
pass of securitygroup deletion
neutron security-group-delete securitygroup44 --os-username tenant1user --os-password pass --os-tenant-name tenant1 --os-auth-url https://identity.jiocloud.com:5000/v2.0/
pass of securitygroup deletion
neutron security-group-delete securitygroup45 --os-username tenant2user --os-password pass --os-tenant-name tenant2 --os-auth-url https://identity.jiocloud.com:5000/v2.0/
pass of securitygroup deletion
neutron security-group-delete securitygroup46 --os-username tenant0user --os-password pass --os-tenant-name tenant0 --os-auth-url https://identity.jiocloud.com:5000/v2.0/
pasDeleted security_group: securitygroup45
Deleted security_group: securitygroup46
Deleted security_group: securitygroup45
Deleted security_group: securitygroup46
Deleted security_group: securitygroup46
Deleted security_group: securitygroup47
Deleted security_group: securitygroup47
Deleted security_group: securitygroup48
Deleted security_group: securitygroup47
Deleted security_group: securitygroup48
Deleted security_group: securitygroup48
Deleted security_group: securitygroup49
Deleted security_group: securitygroup49
Deleted security_group: securitygroup49
Deleted floatingip: 11c04d8b-c786-4211-8fd7-9f9d867ddf65
Deleted floatingip: 57650029-618e-4371-8955-23cab426e73d
Deleted floatingip: 5b5690e0-cc48-4948-965b-324610425aad
Deleted floatingip: 0b40218b-eefa-4344-9df5-3c23cddd9bc4
Deleted floatingip: 6ea8cc8c-ec76-4dcb-b0dc-436e8cf33d22
Deleted floatingip: 78c35abb-4fbc-4f0e-b871-63ace339b0f0
Deleted floatingip: 525e792d-3cb6-4a01-b3d2-4ded52f52ce7
Deleted floatingip: 705e302d-7b78-4a81-aab7-d5c97dc0111e
Deleted floatingip: 834a38cd-64b1-4c07-b24b-8272772814bc
Deleted floatingip: 559b07a3-bb1c-4ed3-bf9c-39cbdc4aaaff
Deleted floatingip: b3bb211c-0dae-430d-90d1-7bdce66159f2
Deleted floatingip: 849b534f-b6d6-413c-906b-f512af0703aa
Deleted floatingip: 5b1d78e1-1fd4-447b-baf5-722a4e5068f0
Deleted floatingip: fcfeb0d9-afdf-431e-9c76-1f7c48c41f34
Deleted floatingip: bf2fb382-b457-412f-9769-9076b2626b2b
s of securitygroup deletion
neutron security-group-delete securitygroup45 --os-username tenant1user --os-password pass --os-tenant-name tenant1 --os-auth-url https://identity.jiocloud.com:5000/v2.0/
pass of securitygroup deletion
neutron security-group-delete securitygroup46 --os-username tenant2user --os-password pass --os-tenant-name tenant2 --os-auth-url https://identity.jiocloud.com:5000/v2.0/
pass of securitygroup deletion
neutron security-group-delete securitygroup47 --os-username tenant0user --os-password pass --os-tenant-name tenant0 --os-auth-url https://identity.jiocloud.com:5000/v2.0/
pass of securitygroup deletion
neutron security-group-delete securitygroup46 --os-username tenant1user --os-password pass --os-tenant-name tenant1 --os-auth-url https://identity.jiocloud.com:5000/v2.0/
pass of securitygroup deletion
neutron security-group-delete securitygroup47 --os-username tenant2user --os-password pass --os-tenant-name tenant2 --os-auth-url https://identity.jiocloud.com:5000/v2.0/
pass of securitygroup deletion
neutron security-group-delete securitygroup47 --os-username tenant1user --os-password pass --os-tenant-name tenant1 --os-auth-url https://identity.jiocloud.com:5000/v2.0/
pass of securitygroup deletion
neutron security-group-delete securitygroup48 --os-username tenant0user --os-password pass --os-tenant-name tenant0 --os-auth-url https://identity.jiocloud.com:5000/v2.0/
pass of securitygroup deletion
neutron security-group-delete securitygroup48 --os-username tenant2user --os-password pass --os-tenant-name tenant2 --os-auth-url https://identity.jiocloud.com:5000/v2.0/
pass of securitygroup deletion
neutron security-group-delete securitygroup49 --os-username tenant0user --os-password pass --os-tenant-name tenant0 --os-auth-url https://identity.jiocloud.com:5000/v2.0/
pass of securitygroup deletion
neutron security-group-delete securitygroup48 --os-username tenant1user --os-password pass --os-tenant-name tenant1 --os-auth-url https://identity.jiocloud.com:5000/v2.0/
pass of securitygroup deletion
neutron security-group-delete securitygroup49 --os-username tenant2user --os-password pass --os-tenant-name tenant2 --os-auth-url https://identity.jiocloud.com:5000/v2.0/
pass of securitygroup deletion
neutron security-group-delete securitygroup49 --os-username tenant1user --os-password pass --os-tenant-name tenant1 --os-auth-url https://identity.jiocloud.com:5000/v2.0/
pass of securitygroup deletion
for f in $(neutron floatingip-list --os-username tenant0user --os-password pass --os-tenant-name tenant0 --os-auth-url https://identity.jiocloud.com:5000/v2.0/ | awk  '{print $2}'); do neutron floatingip-delete --os-username tenant0user --os-password pass --os-tenant-name tenant0 --os-auth-url https://identity.jiocloud.com:5000/v2.0/ $f; done
pass of securitygroup deletion
for f in $(neutron floatingip-list --os-username tenant2user --os-password pass --os-tenant-name tenant2 --os-auth-url https://identity.jiocloud.com:5000/v2.0/ | awk  '{print $2}'); do neutron floatingip-delete --os-username tenant2user --os-password pass --os-tenant-name tenant2 --os-auth-url https://identity.jiocloud.com:5000/v2.0/ $f; done
pass of securitygroup deletion
for f in $(neutron floatingip-list --os-username tenant1user --os-password pass --os-tenant-name tenant1 --os-auth-url https://identity.jiocloud.com:5000/v2.0/ | awk  '{print $2}'); do neutron floatingip-delete --os-username tenant1user --os-password pass --os-tenant-name tenant1 --os-auth-url https://identity.jiocloud.com:5000/v2.0/ $f; done
pass of floatingip deletion
keystone --os-tenant-name openstack --os-username admin --os-password Chang3M3 --os-auth-url https://identity.jiocloud.com:5000/v2.0/ tenant-delete tenant0
pass of floatingip deletion
keystone --os-tenant-name openstack --os-username admin --os-password Chang3M3 --os-auth-url https://identity.jiocloud.com:5000/v2.0/ tenant-delete tenant2
pass of floatingip deletion
keystone --os-tenant-name openstack --os-username admin --os-password Chang3M3 --os-auth-url https://identity.jiocloud.com:5000/v2.0/ tenant-delete tenant1
pass of tenant delete
keystone --os-tenant-name openstack --os-username admin --os-password Chang3M3 --os-auth-url https://identity.jiocloud.com:5000/v2.0/ user-delete tenant0user
pass of user delete
pass of tenant delete
keystone --os-tenant-name openstack --os-username admin --os-password Chang3M3 --os-auth-url https://identity.jiocloud.com:5000/v2.0/ user-delete tenant1user
pass of tenant delete
keystone --os-tenant-name openstack --os-username admin --os-password Chang3M3 --os-auth-url https://identity.jiocloud.com:5000/v2.0/ user-delete tenant2user
pass of user delete
pass of user delete
